<?xml version="1.0" encoding="utf-8"?>
<CoverageSession xmlns:xsd="http://www.w3.org/2001/XMLSchema" xmlns:xsi="http://www.w3.org/2001/XMLSchema-instance" Version="0.0.0.0">
  <Summary numSequencePoints="2098" visitedSequencePoints="232" numBranchPoints="0" visitedBranchPoints="0" sequenceCoverage="11.06" branchCoverage="0.0" maxCyclomaticComplexity="0" minCyclomaticComplexity="0" maxCrapScore="0" minCrapScore="0" visitedClasses="13" numClasses="68" visitedMethods="34" numMethods="261" />
  <Modules>
    <Module>
      <Summary numSequencePoints="11" visitedSequencePoints="0" numBranchPoints="0" visitedBranchPoints="0" sequenceCoverage="0.0" branchCoverage="0.0" maxCyclomaticComplexity="0" minCyclomaticComplexity="0" maxCrapScore="0" minCrapScore="0" visitedClasses="0" numClasses="2" visitedMethods="0" numMethods="2" />
      <ModuleTime>0001-01-01T00:00:00</ModuleTime>
      <ModuleName>PlayTests</ModuleName>
      <Files>
        <File uid="1" fullPath="D:/ESS/deckswipe/DeckSwipe/Assets/Tests/PlayTests/UtilTests.cs" />
      </Files>
      <Classes>
        <Class>
          <Summary numSequencePoints="3" visitedSequencePoints="0" numBranchPoints="0" visitedBranchPoints="0" sequenceCoverage="0.0" branchCoverage="0.0" maxCyclomaticComplexity="0" minCyclomaticComplexity="0" maxCrapScore="0" minCrapScore="0" visitedClasses="0" numClasses="1" visitedMethods="0" numMethods="1" />
          <FullName>Tests.UtilTests</FullName>
          <Methods>
            <Method visited="false" cyclomaticComplexity="0" nPathComplexity="0" sequenceCoverage="0.0" branchCoverage="0" crapScore="0" isConstructor="false" isStatic="false" isGetter="false" isSetter="false">
              <Summary numSequencePoints="3" visitedSequencePoints="0" numBranchPoints="0" visitedBranchPoints="0" sequenceCoverage="0.0" branchCoverage="0" maxCyclomaticComplexity="0" minCyclomaticComplexity="0" maxCrapScore="0" minCrapScore="0" visitedClasses="0" numClasses="0" visitedMethods="0" numMethods="1" />
              <MetadataToken>100663298</MetadataToken>
              <Name>System.Void Tests.UtilTests::SetCoroutineTestToTrue()</Name>
              <FileRef uid="1" />
              <SequencePoints>
                <SequencePoint vc="0" uspid="2099" ordinal="0" offset="0" sl="29" sc="9" el="29" ec="9" bec="0" bev="0" fileid="1" />
                <SequencePoint vc="0" uspid="2100" ordinal="0" offset="1" sl="30" sc="13" el="30" ec="13" bec="0" bev="0" fileid="1" />
                <SequencePoint vc="0" uspid="2101" ordinal="0" offset="8" sl="31" sc="9" el="31" ec="9" bec="0" bev="0" fileid="1" />
              </SequencePoints>
              <BranchPoints />
            </Method>
          </Methods>
        </Class>
        <Class>
          <Summary numSequencePoints="8" visitedSequencePoints="0" numBranchPoints="0" visitedBranchPoints="0" sequenceCoverage="0.0" branchCoverage="0.0" maxCyclomaticComplexity="0" minCyclomaticComplexity="0" maxCrapScore="0" minCrapScore="0" visitedClasses="0" numClasses="1" visitedMethods="0" numMethods="1" />
          <FullName>Tests.UtilTests/&lt;UtilTestsWithEnumeratorPasses&gt;d__1</FullName>
          <Methods>
            <Method visited="false" cyclomaticComplexity="0" nPathComplexity="0" sequenceCoverage="0.0" branchCoverage="0" crapScore="0" isConstructor="false" isStatic="false" isGetter="false" isSetter="false">
              <Summary numSequencePoints="8" visitedSequencePoints="0" numBranchPoints="0" visitedBranchPoints="0" sequenceCoverage="0.0" branchCoverage="0" maxCyclomaticComplexity="0" minCyclomaticComplexity="0" maxCrapScore="0" minCrapScore="0" visitedClasses="0" numClasses="0" visitedMethods="0" numMethods="1" />
              <MetadataToken>100663302</MetadataToken>
              <Name>System.Boolean Tests.UtilTests/&lt;UtilTestsWithEnumeratorPasses&gt;d__1::MoveNext()</Name>
              <FileRef uid="1" />
              <SequencePoints>
                <SequencePoint vc="0" uspid="2102" ordinal="0" offset="31" sl="18" sc="9" el="18" ec="9" bec="0" bev="0" fileid="1" />
                <SequencePoint vc="0" uspid="2103" ordinal="0" offset="32" sl="19" sc="13" el="19" ec="13" bec="0" bev="0" fileid="1" />
                <SequencePoint vc="0" uspid="2104" ordinal="0" offset="44" sl="20" sc="13" el="20" ec="13" bec="0" bev="0" fileid="1" />
                <SequencePoint vc="0" uspid="2105" ordinal="0" offset="55" sl="21" sc="13" el="21" ec="13" bec="0" bev="0" fileid="1" />
                <SequencePoint vc="0" uspid="2106" ordinal="0" offset="104" sl="22" sc="13" el="22" ec="13" bec="0" bev="0" fileid="1" />
                <SequencePoint vc="0" uspid="2107" ordinal="0" offset="115" sl="24" sc="13" el="24" ec="13" bec="0" bev="0" fileid="1" />
                <SequencePoint vc="0" uspid="2108" ordinal="0" offset="158" sl="25" sc="13" el="25" ec="13" bec="0" bev="0" fileid="1" />
                <SequencePoint vc="0" uspid="2109" ordinal="0" offset="175" sl="26" sc="9" el="26" ec="9" bec="0" bev="0" fileid="1" />
              </SequencePoints>
              <BranchPoints />
            </Method>
          </Methods>
        </Class>
      </Classes>
    </Module>
    <Module>
      <Summary numSequencePoints="118" visitedSequencePoints="118" numBranchPoints="0" visitedBranchPoints="0" sequenceCoverage="100.0" branchCoverage="0.0" maxCyclomaticComplexity="0" minCyclomaticComplexity="0" maxCrapScore="0" minCrapScore="0" visitedClasses="3" numClasses="3" visitedMethods="9" numMethods="9" />
      <ModuleTime>0001-01-01T00:00:00</ModuleTime>
      <ModuleName>EditMode</ModuleName>
      <Files>
        <File uid="2" fullPath="D:/ESS/deckswipe/DeckSwipe/Assets/Tests/EditMode/CardDrawQueueTests.cs" />
        <File uid="3" fullPath="D:/ESS/deckswipe/DeckSwipe/Assets/Tests/EditMode/JsonTests.cs" />
        <File uid="4" fullPath="D:/ESS/deckswipe/DeckSwipe/Assets/Tests/EditMode/UtilTests.cs" />
      </Files>
      <Classes>
        <Class>
          <Summary numSequencePoints="40" visitedSequencePoints="40" numBranchPoints="0" visitedBranchPoints="0" sequenceCoverage="100.0" branchCoverage="0.0" maxCyclomaticComplexity="0" minCyclomaticComplexity="0" maxCrapScore="0" minCrapScore="0" visitedClasses="1" numClasses="1" visitedMethods="3" numMethods="3" />
          <FullName>Tests.CardDrawQueueTests</FullName>
          <Methods>
            <Method visited="true" cyclomaticComplexity="0" nPathComplexity="0" sequenceCoverage="100.0" branchCoverage="0" crapScore="0" isConstructor="false" isStatic="false" isGetter="false" isSetter="false">
              <Summary numSequencePoints="12" visitedSequencePoints="12" numBranchPoints="0" visitedBranchPoints="0" sequenceCoverage="100.0" branchCoverage="0" maxCyclomaticComplexity="0" minCyclomaticComplexity="0" maxCrapScore="0" minCrapScore="0" visitedClasses="0" numClasses="0" visitedMethods="1" numMethods="1" />
              <MetadataToken>100663297</MetadataToken>
              <Name>System.Void Tests.CardDrawQueueTests::InsertTest()</Name>
              <FileRef uid="2" />
              <SequencePoints>
                <SequencePoint vc="1" uspid="2110" ordinal="0" offset="0" sl="14" sc="9" el="14" ec="9" bec="0" bev="0" fileid="2" />
                <SequencePoint vc="1" uspid="2111" ordinal="0" offset="1" sl="15" sc="13" el="15" ec="13" bec="0" bev="0" fileid="2" />
                <SequencePoint vc="1" uspid="2112" ordinal="0" offset="7" sl="16" sc="13" el="16" ec="13" bec="0" bev="0" fileid="2" />
                <SequencePoint vc="1" uspid="2113" ordinal="0" offset="22" sl="17" sc="13" el="17" ec="13" bec="0" bev="0" fileid="2" />
                <SequencePoint vc="1" uspid="2114" ordinal="0" offset="50" sl="18" sc="13" el="18" ec="13" bec="0" bev="0" fileid="2" />
                <SequencePoint vc="1" uspid="2115" ordinal="0" offset="85" sl="20" sc="13" el="20" ec="13" bec="0" bev="0" fileid="2" />
                <SequencePoint vc="1" uspid="2116" ordinal="0" offset="100" sl="21" sc="13" el="21" ec="13" bec="0" bev="0" fileid="2" />
                <SequencePoint vc="1" uspid="2117" ordinal="0" offset="128" sl="22" sc="13" el="22" ec="13" bec="0" bev="0" fileid="2" />
                <SequencePoint vc="1" uspid="2118" ordinal="0" offset="162" sl="24" sc="13" el="24" ec="13" bec="0" bev="0" fileid="2" />
                <SequencePoint vc="1" uspid="2119" ordinal="0" offset="177" sl="25" sc="13" el="25" ec="13" bec="0" bev="0" fileid="2" />
                <SequencePoint vc="1" uspid="2120" ordinal="0" offset="205" sl="26" sc="13" el="26" ec="13" bec="0" bev="0" fileid="2" />
                <SequencePoint vc="1" uspid="2121" ordinal="0" offset="240" sl="27" sc="9" el="27" ec="9" bec="0" bev="0" fileid="2" />
              </SequencePoints>
              <BranchPoints />
            </Method>
            <Method visited="true" cyclomaticComplexity="0" nPathComplexity="0" sequenceCoverage="100.0" branchCoverage="0" crapScore="0" isConstructor="false" isStatic="false" isGetter="false" isSetter="false">
              <Summary numSequencePoints="19" visitedSequencePoints="19" numBranchPoints="0" visitedBranchPoints="0" sequenceCoverage="100.0" branchCoverage="0" maxCyclomaticComplexity="0" minCyclomaticComplexity="0" maxCrapScore="0" minCrapScore="0" visitedClasses="0" numClasses="0" visitedMethods="1" numMethods="1" />
              <MetadataToken>100663298</MetadataToken>
              <Name>System.Void Tests.CardDrawQueueTests::NextTest()</Name>
              <FileRef uid="2" />
              <SequencePoints>
                <SequencePoint vc="1" uspid="2122" ordinal="0" offset="0" sl="31" sc="9" el="31" ec="9" bec="0" bev="0" fileid="2" />
                <SequencePoint vc="1" uspid="2123" ordinal="0" offset="1" sl="32" sc="13" el="32" ec="13" bec="0" bev="0" fileid="2" />
                <SequencePoint vc="1" uspid="2124" ordinal="0" offset="7" sl="33" sc="13" el="33" ec="13" bec="0" bev="0" fileid="2" />
                <SequencePoint vc="1" uspid="2125" ordinal="0" offset="21" sl="34" sc="13" el="34" ec="13" bec="0" bev="0" fileid="2" />
                <SequencePoint vc="1" uspid="2126" ordinal="0" offset="35" sl="35" sc="13" el="35" ec="13" bec="0" bev="0" fileid="2" />
                <SequencePoint vc="1" uspid="2127" ordinal="0" offset="49" sl="37" sc="13" el="37" ec="13" bec="0" bev="0" fileid="2" />
                <SequencePoint vc="1" uspid="2128" ordinal="0" offset="61" sl="38" sc="13" el="38" ec="13" bec="0" bev="0" fileid="2" />
                <SequencePoint vc="1" uspid="2129" ordinal="0" offset="68" sl="40" sc="13" el="40" ec="13" bec="0" bev="0" fileid="2" />
                <SequencePoint vc="1" uspid="2130" ordinal="0" offset="80" sl="41" sc="13" el="41" ec="13" bec="0" bev="0" fileid="2" />
                <SequencePoint vc="1" uspid="2131" ordinal="0" offset="87" sl="42" sc="13" el="42" ec="13" bec="0" bev="0" fileid="2" />
                <SequencePoint vc="1" uspid="2132" ordinal="0" offset="110" sl="44" sc="13" el="44" ec="13" bec="0" bev="0" fileid="2" />
                <SequencePoint vc="1" uspid="2133" ordinal="0" offset="122" sl="45" sc="13" el="45" ec="13" bec="0" bev="0" fileid="2" />
                <SequencePoint vc="1" uspid="2134" ordinal="0" offset="129" sl="47" sc="13" el="47" ec="13" bec="0" bev="0" fileid="2" />
                <SequencePoint vc="1" uspid="2135" ordinal="0" offset="141" sl="48" sc="13" el="48" ec="13" bec="0" bev="0" fileid="2" />
                <SequencePoint vc="1" uspid="2136" ordinal="0" offset="148" sl="49" sc="13" el="49" ec="13" bec="0" bev="0" fileid="2" />
                <SequencePoint vc="1" uspid="2137" ordinal="0" offset="171" sl="51" sc="13" el="51" ec="13" bec="0" bev="0" fileid="2" />
                <SequencePoint vc="1" uspid="2138" ordinal="0" offset="183" sl="52" sc="13" el="52" ec="13" bec="0" bev="0" fileid="2" />
                <SequencePoint vc="1" uspid="2139" ordinal="0" offset="190" sl="53" sc="13" el="53" ec="13" bec="0" bev="0" fileid="2" />
                <SequencePoint vc="1" uspid="2140" ordinal="0" offset="213" sl="54" sc="9" el="54" ec="9" bec="0" bev="0" fileid="2" />
              </SequencePoints>
              <BranchPoints />
            </Method>
            <Method visited="true" cyclomaticComplexity="0" nPathComplexity="0" sequenceCoverage="100.0" branchCoverage="0" crapScore="0" isConstructor="false" isStatic="false" isGetter="false" isSetter="false">
              <Summary numSequencePoints="9" visitedSequencePoints="9" numBranchPoints="0" visitedBranchPoints="0" sequenceCoverage="100.0" branchCoverage="0" maxCyclomaticComplexity="0" minCyclomaticComplexity="0" maxCrapScore="0" minCrapScore="0" visitedClasses="0" numClasses="0" visitedMethods="1" numMethods="1" />
              <MetadataToken>100663299</MetadataToken>
              <Name>System.Void Tests.CardDrawQueueTests::ClearTest()</Name>
              <FileRef uid="2" />
              <SequencePoints>
                <SequencePoint vc="1" uspid="2141" ordinal="0" offset="0" sl="58" sc="9" el="58" ec="9" bec="0" bev="0" fileid="2" />
                <SequencePoint vc="1" uspid="2142" ordinal="0" offset="1" sl="59" sc="13" el="59" ec="13" bec="0" bev="0" fileid="2" />
                <SequencePoint vc="1" uspid="2143" ordinal="0" offset="7" sl="60" sc="13" el="60" ec="13" bec="0" bev="0" fileid="2" />
                <SequencePoint vc="1" uspid="2144" ordinal="0" offset="21" sl="61" sc="13" el="61" ec="13" bec="0" bev="0" fileid="2" />
                <SequencePoint vc="1" uspid="2145" ordinal="0" offset="35" sl="62" sc="13" el="62" ec="13" bec="0" bev="0" fileid="2" />
                <SequencePoint vc="1" uspid="2146" ordinal="0" offset="49" sl="64" sc="13" el="64" ec="13" bec="0" bev="0" fileid="2" />
                <SequencePoint vc="1" uspid="2147" ordinal="0" offset="77" sl="66" sc="13" el="66" ec="13" bec="0" bev="0" fileid="2" />
                <SequencePoint vc="1" uspid="2148" ordinal="0" offset="84" sl="68" sc="13" el="68" ec="13" bec="0" bev="0" fileid="2" />
                <SequencePoint vc="1" uspid="2149" ordinal="0" offset="112" sl="69" sc="9" el="69" ec="9" bec="0" bev="0" fileid="2" />
              </SequencePoints>
              <BranchPoints />
            </Method>
          </Methods>
        </Class>
        <Class>
          <Summary numSequencePoints="18" visitedSequencePoints="18" numBranchPoints="0" visitedBranchPoints="0" sequenceCoverage="100.0" branchCoverage="0.0" maxCyclomaticComplexity="0" minCyclomaticComplexity="0" maxCrapScore="0" minCrapScore="0" visitedClasses="1" numClasses="1" visitedMethods="1" numMethods="1" />
          <FullName>Tests.JsonTests</FullName>
          <Methods>
            <Method visited="true" cyclomaticComplexity="0" nPathComplexity="0" sequenceCoverage="100.0" branchCoverage="0" crapScore="0" isConstructor="false" isStatic="false" isGetter="false" isSetter="false">
              <Summary numSequencePoints="18" visitedSequencePoints="18" numBranchPoints="0" visitedBranchPoints="0" sequenceCoverage="100.0" branchCoverage="0" maxCyclomaticComplexity="0" minCyclomaticComplexity="0" maxCrapScore="0" minCrapScore="0" visitedClasses="0" numClasses="0" visitedMethods="1" numMethods="1" />
              <MetadataToken>100663301</MetadataToken>
              <Name>System.Void Tests.JsonTests::JsonLoadTest()</Name>
              <FileRef uid="3" />
              <SequencePoints>
                <SequencePoint vc="1" uspid="2150" ordinal="0" offset="0" sl="16" sc="9" el="16" ec="9" bec="0" bev="0" fileid="3" />
                <SequencePoint vc="1" uspid="2151" ordinal="0" offset="1" sl="17" sc="13" el="17" ec="13" bec="0" bev="0" fileid="3" />
                <SequencePoint vc="1" uspid="2152" ordinal="0" offset="12" sl="18" sc="13" el="18" ec="13" bec="0" bev="0" fileid="3" />
                <SequencePoint vc="1" uspid="2153" ordinal="0" offset="24" sl="19" sc="13" el="19" ec="13" bec="0" bev="0" fileid="3" />
                <SequencePoint vc="1" uspid="2154" ordinal="0" offset="38" sl="21" sc="13" el="21" ec="13" bec="0" bev="0" fileid="3" />
                <SequencePoint vc="1" uspid="2155" ordinal="0" offset="44" sl="22" sc="13" el="22" ec="13" bec="0" bev="0" fileid="3" />
                <SequencePoint vc="1" uspid="2156" ordinal="0" offset="51" sl="24" sc="13" el="24" ec="13" bec="0" bev="0" fileid="3" />
                <SequencePoint vc="1" uspid="2157" ordinal="0" offset="62" sl="26" sc="13" el="26" ec="13" bec="0" bev="0" fileid="3" />
                <SequencePoint vc="1" uspid="2158" ordinal="0" offset="63" sl="26" sc="45" el="26" ec="45" bec="0" bev="0" fileid="3" />
                <SequencePoint vc="1" uspid="2159" ordinal="0" offset="72" sl="26" sc="22" el="26" ec="22" bec="0" bev="0" fileid="3" />
                <SequencePoint vc="1" uspid="2160" ordinal="0" offset="81" sl="27" sc="13" el="27" ec="13" bec="0" bev="0" fileid="3" />
                <SequencePoint vc="1" uspid="2161" ordinal="0" offset="82" sl="28" sc="17" el="28" ec="17" bec="0" bev="0" fileid="3" />
                <SequencePoint vc="1" uspid="2162" ordinal="0" offset="100" sl="29" sc="17" el="29" ec="17" bec="0" bev="0" fileid="3" />
                <SequencePoint vc="1" uspid="2163" ordinal="0" offset="118" sl="30" sc="17" el="30" ec="17" bec="0" bev="0" fileid="3" />
                <SequencePoint vc="1" uspid="2164" ordinal="0" offset="148" sl="31" sc="17" el="31" ec="17" bec="0" bev="0" fileid="3" />
                <SequencePoint vc="1" uspid="2165" ordinal="0" offset="171" sl="32" sc="13" el="32" ec="13" bec="0" bev="0" fileid="3" />
                <SequencePoint vc="2" uspid="2166" ordinal="0" offset="172" sl="26" sc="42" el="26" ec="42" bec="0" bev="0" fileid="3" />
                <SequencePoint vc="1" uspid="2167" ordinal="0" offset="198" sl="33" sc="9" el="33" ec="9" bec="0" bev="0" fileid="3" />
              </SequencePoints>
              <BranchPoints />
            </Method>
          </Methods>
        </Class>
        <Class>
          <Summary numSequencePoints="60" visitedSequencePoints="60" numBranchPoints="0" visitedBranchPoints="0" sequenceCoverage="100.0" branchCoverage="0.0" maxCyclomaticComplexity="0" minCyclomaticComplexity="0" maxCrapScore="0" minCrapScore="0" visitedClasses="1" numClasses="1" visitedMethods="5" numMethods="5" />
          <FullName>Tests.UtilTests</FullName>
          <Methods>
            <Method visited="true" cyclomaticComplexity="0" nPathComplexity="0" sequenceCoverage="100.0" branchCoverage="0" crapScore="0" isConstructor="false" isStatic="false" isGetter="false" isSetter="false">
              <Summary numSequencePoints="10" visitedSequencePoints="10" numBranchPoints="0" visitedBranchPoints="0" sequenceCoverage="100.0" branchCoverage="0" maxCyclomaticComplexity="0" minCyclomaticComplexity="0" maxCrapScore="0" minCrapScore="0" visitedClasses="0" numClasses="0" visitedMethods="1" numMethods="1" />
              <MetadataToken>100663303</MetadataToken>
              <Name>System.Void Tests.UtilTests::IsPrefabTests()</Name>
              <FileRef uid="4" />
              <SequencePoints>
                <SequencePoint vc="1" uspid="2168" ordinal="0" offset="0" sl="15" sc="9" el="15" ec="9" bec="0" bev="0" fileid="4" />
                <SequencePoint vc="1" uspid="2169" ordinal="0" offset="1" sl="16" sc="13" el="16" ec="13" bec="0" bev="0" fileid="4" />
                <SequencePoint vc="1" uspid="2170" ordinal="0" offset="7" sl="17" sc="13" el="17" ec="13" bec="0" bev="0" fileid="4" />
                <SequencePoint vc="1" uspid="2171" ordinal="0" offset="18" sl="18" sc="13" el="18" ec="13" bec="0" bev="0" fileid="4" />
                <SequencePoint vc="1" uspid="2172" ordinal="0" offset="30" sl="19" sc="13" el="19" ec="13" bec="0" bev="0" fileid="4" />
                <SequencePoint vc="1" uspid="2173" ordinal="0" offset="44" sl="21" sc="13" el="21" ec="13" bec="0" bev="0" fileid="4" />
                <SequencePoint vc="1" uspid="2174" ordinal="0" offset="50" sl="22" sc="13" el="22" ec="13" bec="0" bev="0" fileid="4" />
                <SequencePoint vc="1" uspid="2175" ordinal="0" offset="57" sl="24" sc="13" el="24" ec="13" bec="0" bev="0" fileid="4" />
                <SequencePoint vc="1" uspid="2176" ordinal="0" offset="74" sl="25" sc="13" el="25" ec="13" bec="0" bev="0" fileid="4" />
                <SequencePoint vc="1" uspid="2177" ordinal="0" offset="94" sl="26" sc="9" el="26" ec="9" bec="0" bev="0" fileid="4" />
              </SequencePoints>
              <BranchPoints />
            </Method>
            <Method visited="true" cyclomaticComplexity="0" nPathComplexity="0" sequenceCoverage="100.0" branchCoverage="0" crapScore="0" isConstructor="false" isStatic="false" isGetter="false" isSetter="false">
              <Summary numSequencePoints="16" visitedSequencePoints="16" numBranchPoints="0" visitedBranchPoints="0" sequenceCoverage="100.0" branchCoverage="0" maxCyclomaticComplexity="0" minCyclomaticComplexity="0" maxCrapScore="0" minCrapScore="0" visitedClasses="0" numClasses="0" visitedMethods="1" numMethods="1" />
              <MetadataToken>100663304</MetadataToken>
              <Name>System.Void Tests.UtilTests::SetTextAlphaTest()</Name>
              <FileRef uid="4" />
              <SequencePoints>
                <SequencePoint vc="1" uspid="2178" ordinal="0" offset="0" sl="30" sc="9" el="30" ec="9" bec="0" bev="0" fileid="4" />
                <SequencePoint vc="1" uspid="2179" ordinal="0" offset="1" sl="31" sc="13" el="31" ec="13" bec="0" bev="0" fileid="4" />
                <SequencePoint vc="1" uspid="2180" ordinal="0" offset="12" sl="32" sc="13" el="32" ec="13" bec="0" bev="0" fileid="4" />
                <SequencePoint vc="1" uspid="2181" ordinal="0" offset="24" sl="33" sc="13" el="33" ec="13" bec="0" bev="0" fileid="4" />
                <SequencePoint vc="1" uspid="2182" ordinal="0" offset="38" sl="35" sc="13" el="35" ec="13" bec="0" bev="0" fileid="4" />
                <SequencePoint vc="1" uspid="2183" ordinal="0" offset="44" sl="36" sc="13" el="36" ec="13" bec="0" bev="0" fileid="4" />
                <SequencePoint vc="1" uspid="2184" ordinal="0" offset="51" sl="38" sc="13" el="38" ec="13" bec="0" bev="0" fileid="4" />
                <SequencePoint vc="1" uspid="2185" ordinal="0" offset="58" sl="39" sc="13" el="39" ec="13" bec="0" bev="0" fileid="4" />
                <SequencePoint vc="1" uspid="2186" ordinal="0" offset="65" sl="41" sc="18" el="41" ec="18" bec="0" bev="0" fileid="4" />
                <SequencePoint vc="101" uspid="2187" ordinal="0" offset="73" sl="42" sc="13" el="42" ec="13" bec="0" bev="0" fileid="4" />
                <SequencePoint vc="101" uspid="2188" ordinal="0" offset="74" sl="43" sc="17" el="43" ec="17" bec="0" bev="0" fileid="4" />
                <SequencePoint vc="101" uspid="2189" ordinal="0" offset="82" sl="44" sc="17" el="44" ec="17" bec="0" bev="0" fileid="4" />
                <SequencePoint vc="101" uspid="2190" ordinal="0" offset="110" sl="45" sc="13" el="45" ec="13" bec="0" bev="0" fileid="4" />
                <SequencePoint vc="101" uspid="2191" ordinal="0" offset="111" sl="41" sc="42" el="41" ec="42" bec="0" bev="0" fileid="4" />
                <SequencePoint vc="102" uspid="2192" ordinal="0" offset="119" sl="41" sc="35" el="41" ec="35" bec="0" bev="0" fileid="4" />
                <SequencePoint vc="1" uspid="2193" ordinal="0" offset="133" sl="46" sc="9" el="46" ec="9" bec="0" bev="0" fileid="4" />
              </SequencePoints>
              <BranchPoints />
            </Method>
            <Method visited="true" cyclomaticComplexity="0" nPathComplexity="0" sequenceCoverage="100.0" branchCoverage="0" crapScore="0" isConstructor="false" isStatic="false" isGetter="false" isSetter="false">
              <Summary numSequencePoints="12" visitedSequencePoints="12" numBranchPoints="0" visitedBranchPoints="0" sequenceCoverage="100.0" branchCoverage="0" maxCyclomaticComplexity="0" minCyclomaticComplexity="0" maxCrapScore="0" minCrapScore="0" visitedClasses="0" numClasses="0" visitedMethods="1" numMethods="1" />
              <MetadataToken>100663305</MetadataToken>
              <Name>System.Void Tests.UtilTests::IsFacingCameraTest()</Name>
              <FileRef uid="4" />
              <SequencePoints>
                <SequencePoint vc="1" uspid="2194" ordinal="0" offset="0" sl="50" sc="9" el="50" ec="9" bec="0" bev="0" fileid="4" />
                <SequencePoint vc="1" uspid="2195" ordinal="0" offset="1" sl="51" sc="13" el="51" ec="13" bec="0" bev="0" fileid="4" />
                <SequencePoint vc="1" uspid="2196" ordinal="0" offset="12" sl="52" sc="13" el="52" ec="13" bec="0" bev="0" fileid="4" />
                <SequencePoint vc="1" uspid="2197" ordinal="0" offset="24" sl="53" sc="13" el="53" ec="13" bec="0" bev="0" fileid="4" />
                <SequencePoint vc="1" uspid="2198" ordinal="0" offset="38" sl="55" sc="13" el="55" ec="13" bec="0" bev="0" fileid="4" />
                <SequencePoint vc="1" uspid="2199" ordinal="0" offset="44" sl="56" sc="13" el="56" ec="13" bec="0" bev="0" fileid="4" />
                <SequencePoint vc="1" uspid="2200" ordinal="0" offset="51" sl="58" sc="13" el="58" ec="13" bec="0" bev="0" fileid="4" />
                <SequencePoint vc="1" uspid="2201" ordinal="0" offset="63" sl="59" sc="13" el="59" ec="13" bec="0" bev="0" fileid="4" />
                <SequencePoint vc="1" uspid="2202" ordinal="0" offset="75" sl="61" sc="13" el="61" ec="13" bec="0" bev="0" fileid="4" />
                <SequencePoint vc="1" uspid="2203" ordinal="0" offset="98" sl="62" sc="13" el="62" ec="13" bec="0" bev="0" fileid="4" />
                <SequencePoint vc="1" uspid="2204" ordinal="0" offset="135" sl="63" sc="13" el="63" ec="13" bec="0" bev="0" fileid="4" />
                <SequencePoint vc="1" uspid="2205" ordinal="0" offset="161" sl="64" sc="9" el="64" ec="9" bec="0" bev="0" fileid="4" />
              </SequencePoints>
              <BranchPoints />
            </Method>
            <Method visited="true" cyclomaticComplexity="0" nPathComplexity="0" sequenceCoverage="100.0" branchCoverage="0" crapScore="0" isConstructor="false" isStatic="false" isGetter="false" isSetter="false">
              <Summary numSequencePoints="13" visitedSequencePoints="13" numBranchPoints="0" visitedBranchPoints="0" sequenceCoverage="100.0" branchCoverage="0" maxCyclomaticComplexity="0" minCyclomaticComplexity="0" maxCrapScore="0" minCrapScore="0" visitedClasses="0" numClasses="0" visitedMethods="1" numMethods="1" />
              <MetadataToken>100663306</MetadataToken>
              <Name>System.Void Tests.UtilTests::BytesFromStreamTest()</Name>
              <FileRef uid="4" />
              <SequencePoints>
                <SequencePoint vc="1" uspid="2206" ordinal="0" offset="0" sl="69" sc="9" el="69" ec="9" bec="0" bev="0" fileid="4" />
                <SequencePoint vc="1" uspid="2207" ordinal="0" offset="1" sl="70" sc="13" el="70" ec="13" bec="0" bev="0" fileid="4" />
                <SequencePoint vc="1" uspid="2208" ordinal="0" offset="20" sl="71" sc="13" el="71" ec="13" bec="0" bev="0" fileid="4" />
                <SequencePoint vc="1" uspid="2209" ordinal="0" offset="26" sl="73" sc="13" el="73" ec="13" bec="0" bev="0" fileid="4" />
                <SequencePoint vc="1" uspid="2210" ordinal="0" offset="32" sl="74" sc="13" el="74" ec="13" bec="0" bev="0" fileid="4" />
                <SequencePoint vc="1" uspid="2211" ordinal="0" offset="39" sl="75" sc="13" el="75" ec="13" bec="0" bev="0" fileid="4" />
                <SequencePoint vc="1" uspid="2212" ordinal="0" offset="47" sl="76" sc="13" el="76" ec="13" bec="0" bev="0" fileid="4" />
                <SequencePoint vc="1" uspid="2213" ordinal="0" offset="54" sl="77" sc="13" el="77" ec="13" bec="0" bev="0" fileid="4" />
                <SequencePoint vc="1" uspid="2214" ordinal="0" offset="63" sl="79" sc="13" el="79" ec="13" bec="0" bev="0" fileid="4" />
                <SequencePoint vc="1" uspid="2215" ordinal="0" offset="76" sl="80" sc="13" el="80" ec="13" bec="0" bev="0" fileid="4" />
                <SequencePoint vc="1" uspid="2216" ordinal="0" offset="85" sl="82" sc="13" el="82" ec="13" bec="0" bev="0" fileid="4" />
                <SequencePoint vc="1" uspid="2217" ordinal="0" offset="93" sl="84" sc="13" el="84" ec="13" bec="0" bev="0" fileid="4" />
                <SequencePoint vc="1" uspid="2218" ordinal="0" offset="102" sl="85" sc="9" el="85" ec="9" bec="0" bev="0" fileid="4" />
              </SequencePoints>
              <BranchPoints />
            </Method>
            <Method visited="true" cyclomaticComplexity="0" nPathComplexity="0" sequenceCoverage="100.0" branchCoverage="0" crapScore="0" isConstructor="false" isStatic="false" isGetter="false" isSetter="false">
              <Summary numSequencePoints="9" visitedSequencePoints="9" numBranchPoints="0" visitedBranchPoints="0" sequenceCoverage="100.0" branchCoverage="0" maxCyclomaticComplexity="0" minCyclomaticComplexity="0" maxCrapScore="0" minCrapScore="0" visitedClasses="0" numClasses="0" visitedMethods="1" numMethods="1" />
              <MetadataToken>100663307</MetadataToken>
              <Name>System.Void Tests.UtilTests::OrthoCameraWorldDiagonalSizeTest()</Name>
              <FileRef uid="4" />
              <SequencePoints>
                <SequencePoint vc="1" uspid="2219" ordinal="0" offset="0" sl="90" sc="9" el="90" ec="9" bec="0" bev="0" fileid="4" />
                <SequencePoint vc="1" uspid="2220" ordinal="0" offset="1" sl="91" sc="13" el="91" ec="13" bec="0" bev="0" fileid="4" />
                <SequencePoint vc="1" uspid="2221" ordinal="0" offset="12" sl="92" sc="13" el="92" ec="13" bec="0" bev="0" fileid="4" />
                <SequencePoint vc="1" uspid="2222" ordinal="0" offset="24" sl="93" sc="13" el="93" ec="13" bec="0" bev="0" fileid="4" />
                <SequencePoint vc="1" uspid="2223" ordinal="0" offset="38" sl="95" sc="13" el="95" ec="13" bec="0" bev="0" fileid="4" />
                <SequencePoint vc="1" uspid="2224" ordinal="0" offset="44" sl="96" sc="13" el="96" ec="13" bec="0" bev="0" fileid="4" />
                <SequencePoint vc="1" uspid="2225" ordinal="0" offset="51" sl="98" sc="13" el="98" ec="13" bec="0" bev="0" fileid="4" />
                <SequencePoint vc="1" uspid="2226" ordinal="0" offset="63" sl="99" sc="13" el="99" ec="13" bec="0" bev="0" fileid="4" />
                <SequencePoint vc="1" uspid="2227" ordinal="0" offset="103" sl="100" sc="9" el="100" ec="9" bec="0" bev="0" fileid="4" />
              </SequencePoints>
              <BranchPoints />
            </Method>
          </Methods>
        </Class>
      </Classes>
    </Module>
    <Module>
      <Summary numSequencePoints="1969" visitedSequencePoints="114" numBranchPoints="0" visitedBranchPoints="0" sequenceCoverage="5.79" branchCoverage="0.0" maxCyclomaticComplexity="0" minCyclomaticComplexity="0" maxCrapScore="0" minCrapScore="0" visitedClasses="10" numClasses="63" visitedMethods="25" numMethods="250" />
      <ModuleTime>0001-01-01T00:00:00</ModuleTime>
      <ModuleName>Outfrost.DeckSwipe</ModuleName>
      <Files>
        <File uid="5" fullPath="D:/ESS/deckswipe/DeckSwipe/Assets/DeckSwipe/Gamestate/ActionPreview/ActionPreview.cs" />
        <File uid="6" fullPath="D:/ESS/deckswipe/DeckSwipe/Assets/TestHelpers/UtilTests/Editor/UtilTestsResources.cs" />
        <File uid="7" fullPath="D:/ESS/deckswipe/DeckSwipe/Assets/Outfrost/JsonFile.cs" />
        <File uid="8" fullPath="D:/ESS/deckswipe/DeckSwipe/Assets/Outfrost/JsonResources.cs" />
        <File uid="9" fullPath="D:/ESS/deckswipe/DeckSwipe/Assets/Outfrost/Util.cs" />
        <File uid="10" fullPath="D:/ESS/deckswipe/DeckSwipe/Assets/Outfrost/GoogleSheets/CellData.cs" />
        <File uid="11" fullPath="D:/ESS/deckswipe/DeckSwipe/Assets/Outfrost/Debug/VersionText.cs" />
        <File uid="12" fullPath="D:/ESS/deckswipe/DeckSwipe/Assets/DeckSwipe/Game.cs" />
        <File uid="13" fullPath="D:/ESS/deckswipe/DeckSwipe/Assets/DeckSwipe/World/CardBehaviour.cs" />
        <File uid="14" fullPath="D:/ESS/deckswipe/DeckSwipe/Assets/DeckSwipe/World/CardDescriptionDisplay.cs" />
        <File uid="15" fullPath="D:/ESS/deckswipe/DeckSwipe/Assets/DeckSwipe/World/GameStartOverlay.cs" />
        <File uid="16" fullPath="D:/ESS/deckswipe/DeckSwipe/Assets/DeckSwipe/World/InputDispatcher.cs" />
        <File uid="17" fullPath="D:/ESS/deckswipe/DeckSwipe/Assets/DeckSwipe/World/ProgressDisplay.cs" />
        <File uid="18" fullPath="D:/ESS/deckswipe/DeckSwipe/Assets/DeckSwipe/World/StatsDisplay.cs" />
        <File uid="19" fullPath="D:/ESS/deckswipe/DeckSwipe/Assets/DeckSwipe/Gamestate/CardProgress.cs" />
        <File uid="20" fullPath="D:/ESS/deckswipe/DeckSwipe/Assets/DeckSwipe/Gamestate/CardStorage.cs" />
        <File uid="21" fullPath="D:/ESS/deckswipe/DeckSwipe/Assets/DeckSwipe/Gamestate/GameProgress.cs" />
        <File uid="22" fullPath="D:/ESS/deckswipe/DeckSwipe/Assets/DeckSwipe/Gamestate/SpecialCardProgress.cs" />
        <File uid="23" fullPath="D:/ESS/deckswipe/DeckSwipe/Assets/DeckSwipe/Gamestate/Stats.cs" />
        <File uid="24" fullPath="D:/ESS/deckswipe/DeckSwipe/Assets/DeckSwipe/Gamestate/Persistence/ProgressStorage.cs" />
        <File uid="25" fullPath="D:/ESS/deckswipe/DeckSwipe/Assets/DeckSwipe/CardModel/ActionOutcome.cs" />
        <File uid="26" fullPath="D:/ESS/deckswipe/DeckSwipe/Assets/DeckSwipe/CardModel/Card.cs" />
        <File uid="27" fullPath="D:/ESS/deckswipe/DeckSwipe/Assets/DeckSwipe/CardModel/Character.cs" />
        <File uid="28" fullPath="D:/ESS/deckswipe/DeckSwipe/Assets/DeckSwipe/CardModel/GameOverOutcome.cs" />
        <File uid="29" fullPath="D:/ESS/deckswipe/DeckSwipe/Assets/DeckSwipe/CardModel/SpecialCard.cs" />
        <File uid="30" fullPath="D:/ESS/deckswipe/DeckSwipe/Assets/DeckSwipe/CardModel/StatsModification.cs" />
        <File uid="31" fullPath="D:/ESS/deckswipe/DeckSwipe/Assets/DeckSwipe/CardModel/Prerequisite/CardPrerequisite.cs" />
        <File uid="32" fullPath="D:/ESS/deckswipe/DeckSwipe/Assets/DeckSwipe/CardModel/Prerequisite/SpecialCardPrerequisite.cs" />
        <File uid="33" fullPath="D:/ESS/deckswipe/DeckSwipe/Assets/DeckSwipe/CardModel/Import/CollectionImporter.cs" />
        <File uid="34" fullPath="D:/ESS/deckswipe/DeckSwipe/Assets/DeckSwipe/CardModel/Import/ImportedCards.cs" />
        <File uid="35" fullPath="D:/ESS/deckswipe/DeckSwipe/Assets/DeckSwipe/CardModel/Import/ProtoAction.cs" />
        <File uid="36" fullPath="D:/ESS/deckswipe/DeckSwipe/Assets/DeckSwipe/CardModel/Import/ProtoCard.cs" />
        <File uid="37" fullPath="D:/ESS/deckswipe/DeckSwipe/Assets/DeckSwipe/CardModel/Import/ProtoCardPrerequisite.cs" />
        <File uid="38" fullPath="D:/ESS/deckswipe/DeckSwipe/Assets/DeckSwipe/CardModel/Import/ProtoCharacter.cs" />
        <File uid="39" fullPath="D:/ESS/deckswipe/DeckSwipe/Assets/DeckSwipe/CardModel/Import/ProtoCollection.cs" />
        <File uid="40" fullPath="D:/ESS/deckswipe/DeckSwipe/Assets/DeckSwipe/CardModel/Import/ProtoImage.cs" />
        <File uid="41" fullPath="D:/ESS/deckswipe/DeckSwipe/Assets/DeckSwipe/CardModel/Import/ProtoSpecialAction.cs" />
        <File uid="42" fullPath="D:/ESS/deckswipe/DeckSwipe/Assets/DeckSwipe/CardModel/Import/ProtoSpecialCard.cs" />
        <File uid="43" fullPath="D:/ESS/deckswipe/DeckSwipe/Assets/DeckSwipe/CardModel/Import/ProtoSpecialCardPrerequisite.cs" />
        <File uid="44" fullPath="D:/ESS/deckswipe/DeckSwipe/Assets/DeckSwipe/CardModel/Import/Resource/GoogleSheetsCollection.cs" />
        <File uid="45" fullPath="D:/ESS/deckswipe/DeckSwipe/Assets/DeckSwipe/CardModel/Import/Resource/GoogleSheetsConfig.cs" />
        <File uid="46" fullPath="D:/ESS/deckswipe/DeckSwipe/Assets/DeckSwipe/CardModel/Import/Resource/GoogleSheetsSecrets.cs" />
        <File uid="47" fullPath="D:/ESS/deckswipe/DeckSwipe/Assets/DeckSwipe/CardModel/Import/Resource/LocalCollection.cs" />
        <File uid="48" fullPath="D:/ESS/deckswipe/DeckSwipe/Assets/DeckSwipe/CardModel/DrawQueue/CardDrawQueue.cs" />
        <File uid="49" fullPath="D:/ESS/deckswipe/DeckSwipe/Assets/DeckSwipe/CardModel/DrawQueue/Followup.cs" />
        <File uid="50" fullPath="D:/ESS/deckswipe/DeckSwipe/Assets/DeckSwipe/CardModel/DrawQueue/SpecialFollowup.cs" />
      </Files>
      <Classes>
        <Class>
          <Summary numSequencePoints="35" visitedSequencePoints="5" numBranchPoints="0" visitedBranchPoints="0" sequenceCoverage="14.29" branchCoverage="0.0" maxCyclomaticComplexity="0" minCyclomaticComplexity="0" maxCrapScore="0" minCrapScore="0" visitedClasses="1" numClasses="1" visitedMethods="1" numMethods="5" />
          <FullName>ActionPreview</FullName>
          <Methods>
            <Method visited="false" cyclomaticComplexity="0" nPathComplexity="0" sequenceCoverage="0.0" branchCoverage="0" crapScore="0" isConstructor="false" isStatic="false" isGetter="false" isSetter="false">
              <Summary numSequencePoints="3" visitedSequencePoints="0" numBranchPoints="0" visitedBranchPoints="0" sequenceCoverage="0.0" branchCoverage="0" maxCyclomaticComplexity="0" minCyclomaticComplexity="0" maxCrapScore="0" minCrapScore="0" visitedClasses="0" numClasses="0" visitedMethods="0" numMethods="1" />
              <MetadataToken>100663297</MetadataToken>
              <Name>System.Void ActionPreview::ChangeLeftActionPreview(System.Single, System.Single)</Name>
              <FileRef uid="5" />
              <SequencePoints>
                <SequencePoint vc="0" uspid="2228" ordinal="0" offset="0" sl="40" sc="0" el="40" ec="0" bec="0" bev="0" fileid="5" />
                <SequencePoint vc="0" uspid="2229" ordinal="0" offset="1" sl="41" sc="0" el="41" ec="0" bec="0" bev="0" fileid="5" />
                <SequencePoint vc="0" uspid="2230" ordinal="0" offset="28" sl="42" sc="0" el="42" ec="0" bec="0" bev="0" fileid="5" />
              </SequencePoints>
              <BranchPoints />
            </Method>
            <Method visited="false" cyclomaticComplexity="0" nPathComplexity="0" sequenceCoverage="0.0" branchCoverage="0" crapScore="0" isConstructor="false" isStatic="false" isGetter="false" isSetter="false">
              <Summary numSequencePoints="3" visitedSequencePoints="0" numBranchPoints="0" visitedBranchPoints="0" sequenceCoverage="0.0" branchCoverage="0" maxCyclomaticComplexity="0" minCyclomaticComplexity="0" maxCrapScore="0" minCrapScore="0" visitedClasses="0" numClasses="0" visitedMethods="0" numMethods="1" />
              <MetadataToken>100663298</MetadataToken>
              <Name>System.Void ActionPreview::ChangeRightActionPreview(System.Single, System.Single)</Name>
              <FileRef uid="5" />
              <SequencePoints>
                <SequencePoint vc="0" uspid="2231" ordinal="0" offset="0" sl="45" sc="0" el="45" ec="0" bec="0" bev="0" fileid="5" />
                <SequencePoint vc="0" uspid="2232" ordinal="0" offset="1" sl="46" sc="0" el="46" ec="0" bec="0" bev="0" fileid="5" />
                <SequencePoint vc="0" uspid="2233" ordinal="0" offset="28" sl="47" sc="0" el="47" ec="0" bec="0" bev="0" fileid="5" />
              </SequencePoints>
              <BranchPoints />
            </Method>
            <Method visited="false" cyclomaticComplexity="0" nPathComplexity="0" sequenceCoverage="0.0" branchCoverage="0" crapScore="0" isConstructor="false" isStatic="false" isGetter="false" isSetter="false">
              <Summary numSequencePoints="20" visitedSequencePoints="0" numBranchPoints="0" visitedBranchPoints="0" sequenceCoverage="0.0" branchCoverage="0" maxCyclomaticComplexity="0" minCyclomaticComplexity="0" maxCrapScore="0" minCrapScore="0" visitedClasses="0" numClasses="0" visitedMethods="0" numMethods="1" />
              <MetadataToken>100663299</MetadataToken>
              <Name>System.Void ActionPreview::ChangeActionPreview(System.Single, System.Single, UnityEngine.UI.Image, UnityEngine.UI.Image, UnityEngine.GameObject)</Name>
              <FileRef uid="5" />
              <SequencePoints>
                <SequencePoint vc="0" uspid="2234" ordinal="0" offset="0" sl="50" sc="0" el="50" ec="0" bec="0" bev="0" fileid="5" />
                <SequencePoint vc="0" uspid="2235" ordinal="0" offset="1" sl="51" sc="0" el="51" ec="0" bec="0" bev="0" fileid="5" />
                <SequencePoint vc="0" uspid="2236" ordinal="0" offset="10" sl="52" sc="0" el="52" ec="0" bec="0" bev="0" fileid="5" />
                <SequencePoint vc="0" uspid="2237" ordinal="0" offset="18" sl="53" sc="0" el="53" ec="0" bec="0" bev="0" fileid="5" />
                <SequencePoint vc="0" uspid="2238" ordinal="0" offset="19" sl="54" sc="0" el="54" ec="0" bec="0" bev="0" fileid="5" />
                <SequencePoint vc="0" uspid="2239" ordinal="0" offset="27" sl="55" sc="0" el="55" ec="0" bec="0" bev="0" fileid="5" />
                <SequencePoint vc="0" uspid="2240" ordinal="0" offset="36" sl="57" sc="0" el="57" ec="0" bec="0" bev="0" fileid="5" />
                <SequencePoint vc="0" uspid="2241" ordinal="0" offset="49" sl="58" sc="0" el="58" ec="0" bec="0" bev="0" fileid="5" />
                <SequencePoint vc="0" uspid="2242" ordinal="0" offset="63" sl="59" sc="0" el="59" ec="0" bec="0" bev="0" fileid="5" />
                <SequencePoint vc="0" uspid="2243" ordinal="0" offset="66" sl="60" sc="0" el="60" ec="0" bec="0" bev="0" fileid="5" />
                <SequencePoint vc="0" uspid="2244" ordinal="0" offset="74" sl="61" sc="0" el="61" ec="0" bec="0" bev="0" fileid="5" />
                <SequencePoint vc="0" uspid="2245" ordinal="0" offset="75" sl="62" sc="0" el="62" ec="0" bec="0" bev="0" fileid="5" />
                <SequencePoint vc="0" uspid="2246" ordinal="0" offset="83" sl="63" sc="0" el="63" ec="0" bec="0" bev="0" fileid="5" />
                <SequencePoint vc="0" uspid="2247" ordinal="0" offset="92" sl="65" sc="0" el="65" ec="0" bec="0" bev="0" fileid="5" />
                <SequencePoint vc="0" uspid="2248" ordinal="0" offset="105" sl="66" sc="0" el="66" ec="0" bec="0" bev="0" fileid="5" />
                <SequencePoint vc="0" uspid="2249" ordinal="0" offset="119" sl="67" sc="0" el="67" ec="0" bec="0" bev="0" fileid="5" />
                <SequencePoint vc="0" uspid="2250" ordinal="0" offset="122" sl="69" sc="0" el="69" ec="0" bec="0" bev="0" fileid="5" />
                <SequencePoint vc="0" uspid="2251" ordinal="0" offset="123" sl="70" sc="0" el="70" ec="0" bec="0" bev="0" fileid="5" />
                <SequencePoint vc="0" uspid="2252" ordinal="0" offset="132" sl="71" sc="0" el="71" ec="0" bec="0" bev="0" fileid="5" />
                <SequencePoint vc="0" uspid="2253" ordinal="0" offset="133" sl="72" sc="0" el="72" ec="0" bec="0" bev="0" fileid="5" />
              </SequencePoints>
              <BranchPoints />
            </Method>
            <Method visited="false" cyclomaticComplexity="0" nPathComplexity="0" sequenceCoverage="0.0" branchCoverage="0" crapScore="0" isConstructor="false" isStatic="false" isGetter="false" isSetter="false">
              <Summary numSequencePoints="4" visitedSequencePoints="0" numBranchPoints="0" visitedBranchPoints="0" sequenceCoverage="0.0" branchCoverage="0" maxCyclomaticComplexity="0" minCyclomaticComplexity="0" maxCrapScore="0" minCrapScore="0" visitedClasses="0" numClasses="0" visitedMethods="0" numMethods="1" />
              <MetadataToken>100663300</MetadataToken>
              <Name>System.Void ActionPreview::UpdateActionPreviewAlpha(System.Single, System.Single)</Name>
              <FileRef uid="5" />
              <SequencePoints>
                <SequencePoint vc="0" uspid="2254" ordinal="0" offset="0" sl="75" sc="0" el="75" ec="0" bec="0" bev="0" fileid="5" />
                <SequencePoint vc="0" uspid="2255" ordinal="0" offset="1" sl="76" sc="0" el="76" ec="0" bec="0" bev="0" fileid="5" />
                <SequencePoint vc="0" uspid="2256" ordinal="0" offset="14" sl="77" sc="0" el="77" ec="0" bec="0" bev="0" fileid="5" />
                <SequencePoint vc="0" uspid="2257" ordinal="0" offset="27" sl="78" sc="0" el="78" ec="0" bec="0" bev="0" fileid="5" />
              </SequencePoints>
              <BranchPoints />
            </Method>
            <Method visited="true" cyclomaticComplexity="0" nPathComplexity="0" sequenceCoverage="100.0" branchCoverage="0" crapScore="0" isConstructor="true" isStatic="false" isGetter="false" isSetter="false">
              <Summary numSequencePoints="5" visitedSequencePoints="5" numBranchPoints="0" visitedBranchPoints="0" sequenceCoverage="100.0" branchCoverage="0" maxCyclomaticComplexity="0" minCyclomaticComplexity="0" maxCrapScore="0" minCrapScore="0" visitedClasses="0" numClasses="0" visitedMethods="1" numMethods="1" />
              <MetadataToken>100663301</MetadataToken>
              <Name>ActionPreview::ActionPreview()</Name>
              <FileRef uid="5" />
              <SequencePoints>
                <SequencePoint vc="24" uspid="2258" ordinal="0" offset="0" sl="9" sc="5" el="9" ec="5" bec="0" bev="0" fileid="5" />
                <SequencePoint vc="24" uspid="2259" ordinal="0" offset="26" sl="10" sc="5" el="10" ec="5" bec="0" bev="0" fileid="5" />
                <SequencePoint vc="24" uspid="2260" ordinal="0" offset="52" sl="11" sc="5" el="11" ec="5" bec="0" bev="0" fileid="5" />
                <SequencePoint vc="24" uspid="2261" ordinal="0" offset="78" sl="12" sc="5" el="12" ec="5" bec="0" bev="0" fileid="5" />
                <SequencePoint vc="24" uspid="2262" ordinal="0" offset="104" sl="13" sc="5" el="13" ec="5" bec="0" bev="0" fileid="5" />
              </SequencePoints>
              <BranchPoints />
            </Method>
          </Methods>
        </Class>
        <Class>
          <Summary numSequencePoints="18" visitedSequencePoints="15" numBranchPoints="0" visitedBranchPoints="0" sequenceCoverage="83.33" branchCoverage="0.0" maxCyclomaticComplexity="0" minCyclomaticComplexity="0" maxCrapScore="0" minCrapScore="0" visitedClasses="1" numClasses="1" visitedMethods="5" numMethods="6" />
          <FullName>UtilTestsResources</FullName>
          <Methods>
            <Method visited="true" cyclomaticComplexity="0" nPathComplexity="0" sequenceCoverage="100.0" branchCoverage="0" crapScore="0" isConstructor="false" isStatic="false" isGetter="true" isSetter="false">
              <Summary numSequencePoints="3" visitedSequencePoints="3" numBranchPoints="0" visitedBranchPoints="0" sequenceCoverage="100.0" branchCoverage="0" maxCyclomaticComplexity="0" minCyclomaticComplexity="0" maxCrapScore="0" minCrapScore="0" visitedClasses="0" numClasses="0" visitedMethods="1" numMethods="1" />
              <MetadataToken>100663302</MetadataToken>
              <Name>UnityEngine.GameObject UtilTestsResources::get_SceneGameObject()</Name>
              <FileRef uid="6" />
              <SequencePoints>
                <SequencePoint vc="1" uspid="2263" ordinal="0" offset="0" sl="12" sc="45" el="12" ec="45" bec="0" bev="0" fileid="6" />
                <SequencePoint vc="1" uspid="2264" ordinal="0" offset="1" sl="12" sc="47" el="12" ec="47" bec="0" bev="0" fileid="6" />
                <SequencePoint vc="1" uspid="2265" ordinal="0" offset="10" sl="12" sc="71" el="12" ec="71" bec="0" bev="0" fileid="6" />
              </SequencePoints>
              <BranchPoints />
            </Method>
            <Method visited="true" cyclomaticComplexity="0" nPathComplexity="0" sequenceCoverage="100.0" branchCoverage="0" crapScore="0" isConstructor="false" isStatic="false" isGetter="true" isSetter="false">
              <Summary numSequencePoints="3" visitedSequencePoints="3" numBranchPoints="0" visitedBranchPoints="0" sequenceCoverage="100.0" branchCoverage="0" maxCyclomaticComplexity="0" minCyclomaticComplexity="0" maxCrapScore="0" minCrapScore="0" visitedClasses="0" numClasses="0" visitedMethods="1" numMethods="1" />
              <MetadataToken>100663303</MetadataToken>
              <Name>UnityEngine.GameObject UtilTestsResources::get_PrefabGameObject()</Name>
              <FileRef uid="6" />
              <SequencePoints>
                <SequencePoint vc="1" uspid="2266" ordinal="0" offset="0" sl="18" sc="46" el="18" ec="46" bec="0" bev="0" fileid="6" />
                <SequencePoint vc="1" uspid="2267" ordinal="0" offset="1" sl="18" sc="48" el="18" ec="48" bec="0" bev="0" fileid="6" />
                <SequencePoint vc="1" uspid="2268" ordinal="0" offset="10" sl="18" sc="73" el="18" ec="73" bec="0" bev="0" fileid="6" />
              </SequencePoints>
              <BranchPoints />
            </Method>
            <Method visited="true" cyclomaticComplexity="0" nPathComplexity="0" sequenceCoverage="100.0" branchCoverage="0" crapScore="0" isConstructor="false" isStatic="false" isGetter="true" isSetter="false">
              <Summary numSequencePoints="3" visitedSequencePoints="3" numBranchPoints="0" visitedBranchPoints="0" sequenceCoverage="100.0" branchCoverage="0" maxCyclomaticComplexity="0" minCyclomaticComplexity="0" maxCrapScore="0" minCrapScore="0" visitedClasses="0" numClasses="0" visitedMethods="1" numMethods="1" />
              <MetadataToken>100663304</MetadataToken>
              <Name>TMPro.TextMeshPro UtilTestsResources::get_TestTextMeshPro()</Name>
              <FileRef uid="6" />
              <SequencePoints>
                <SequencePoint vc="1" uspid="2269" ordinal="0" offset="0" sl="23" sc="46" el="23" ec="46" bec="0" bev="0" fileid="6" />
                <SequencePoint vc="1" uspid="2270" ordinal="0" offset="1" sl="23" sc="48" el="23" ec="48" bec="0" bev="0" fileid="6" />
                <SequencePoint vc="1" uspid="2271" ordinal="0" offset="10" sl="23" sc="72" el="23" ec="72" bec="0" bev="0" fileid="6" />
              </SequencePoints>
              <BranchPoints />
            </Method>
            <Method visited="true" cyclomaticComplexity="0" nPathComplexity="0" sequenceCoverage="100.0" branchCoverage="0" crapScore="0" isConstructor="false" isStatic="false" isGetter="true" isSetter="false">
              <Summary numSequencePoints="3" visitedSequencePoints="3" numBranchPoints="0" visitedBranchPoints="0" sequenceCoverage="100.0" branchCoverage="0" maxCyclomaticComplexity="0" minCyclomaticComplexity="0" maxCrapScore="0" minCrapScore="0" visitedClasses="0" numClasses="0" visitedMethods="1" numMethods="1" />
              <MetadataToken>100663305</MetadataToken>
              <Name>UnityEngine.GameObject UtilTestsResources::get_Card()</Name>
              <FileRef uid="6" />
              <SequencePoints>
                <SequencePoint vc="4" uspid="2272" ordinal="0" offset="0" sl="28" sc="34" el="28" ec="34" bec="0" bev="0" fileid="6" />
                <SequencePoint vc="4" uspid="2273" ordinal="0" offset="1" sl="28" sc="36" el="28" ec="36" bec="0" bev="0" fileid="6" />
                <SequencePoint vc="4" uspid="2274" ordinal="0" offset="10" sl="28" sc="49" el="28" ec="49" bec="0" bev="0" fileid="6" />
              </SequencePoints>
              <BranchPoints />
            </Method>
            <Method visited="true" cyclomaticComplexity="0" nPathComplexity="0" sequenceCoverage="100.0" branchCoverage="0" crapScore="0" isConstructor="false" isStatic="false" isGetter="true" isSetter="false">
              <Summary numSequencePoints="3" visitedSequencePoints="3" numBranchPoints="0" visitedBranchPoints="0" sequenceCoverage="100.0" branchCoverage="0" maxCyclomaticComplexity="0" minCyclomaticComplexity="0" maxCrapScore="0" minCrapScore="0" visitedClasses="0" numClasses="0" visitedMethods="1" numMethods="1" />
              <MetadataToken>100663306</MetadataToken>
              <Name>UnityEngine.Camera UtilTestsResources::get_Camera()</Name>
              <FileRef uid="6" />
              <SequencePoints>
                <SequencePoint vc="4" uspid="2275" ordinal="0" offset="0" sl="34" sc="32" el="34" ec="32" bec="0" bev="0" fileid="6" />
                <SequencePoint vc="4" uspid="2276" ordinal="0" offset="1" sl="34" sc="34" el="34" ec="34" bec="0" bev="0" fileid="6" />
                <SequencePoint vc="4" uspid="2277" ordinal="0" offset="10" sl="34" sc="49" el="34" ec="49" bec="0" bev="0" fileid="6" />
              </SequencePoints>
              <BranchPoints />
            </Method>
            <Method visited="false" cyclomaticComplexity="0" nPathComplexity="0" sequenceCoverage="0.0" branchCoverage="0" crapScore="0" isConstructor="false" isStatic="false" isGetter="true" isSetter="false">
              <Summary numSequencePoints="3" visitedSequencePoints="0" numBranchPoints="0" visitedBranchPoints="0" sequenceCoverage="0.0" branchCoverage="0" maxCyclomaticComplexity="0" minCyclomaticComplexity="0" maxCrapScore="0" minCrapScore="0" visitedClasses="0" numClasses="0" visitedMethods="0" numMethods="1" />
              <MetadataToken>100663307</MetadataToken>
              <Name>UnityEngine.TextAsset UtilTestsResources::get_JsonTextAsset()</Name>
              <FileRef uid="6" />
              <SequencePoints>
                <SequencePoint vc="0" uspid="2278" ordinal="0" offset="0" sl="39" sc="0" el="39" ec="0" bec="0" bev="0" fileid="6" />
                <SequencePoint vc="0" uspid="2279" ordinal="0" offset="1" sl="39" sc="0" el="39" ec="0" bec="0" bev="0" fileid="6" />
                <SequencePoint vc="0" uspid="2280" ordinal="0" offset="10" sl="39" sc="0" el="39" ec="0" bec="0" bev="0" fileid="6" />
              </SequencePoints>
              <BranchPoints />
            </Method>
          </Methods>
        </Class>
        <Class>
          <Summary numSequencePoints="3" visitedSequencePoints="0" numBranchPoints="0" visitedBranchPoints="0" sequenceCoverage="0.0" branchCoverage="0.0" maxCyclomaticComplexity="0" minCyclomaticComplexity="0" maxCrapScore="0" minCrapScore="0" visitedClasses="0" numClasses="1" visitedMethods="0" numMethods="1" />
          <FullName>Outfrost.JsonFile[T]</FullName>
          <Methods>
            <Method visited="false" cyclomaticComplexity="0" nPathComplexity="0" sequenceCoverage="0.0" branchCoverage="0" crapScore="0" isConstructor="true" isStatic="false" isGetter="false" isSetter="false">
              <Summary numSequencePoints="3" visitedSequencePoints="0" numBranchPoints="0" visitedBranchPoints="0" sequenceCoverage="0.0" branchCoverage="0" maxCyclomaticComplexity="0" minCyclomaticComplexity="0" maxCrapScore="0" minCrapScore="0" visitedClasses="0" numClasses="0" visitedMethods="0" numMethods="1" />
              <MetadataToken>100663312</MetadataToken>
              <Name>Outfrost.JsonFile[T]::JsonFile(System.String)</Name>
              <FileRef uid="7" />
              <SequencePoints>
                <SequencePoint vc="0" uspid="2281" ordinal="0" offset="0" sl="13" sc="0" el="13" ec="0" bec="0" bev="0" fileid="7" />
                <SequencePoint vc="0" uspid="2282" ordinal="0" offset="13" sl="15" sc="0" el="15" ec="0" bec="0" bev="0" fileid="7" />
                <SequencePoint vc="0" uspid="2283" ordinal="0" offset="20" sl="15" sc="0" el="15" ec="0" bec="0" bev="0" fileid="7" />
              </SequencePoints>
              <BranchPoints />
            </Method>
          </Methods>
        </Class>
        <Class>
          <Summary numSequencePoints="19" visitedSequencePoints="15" numBranchPoints="0" visitedBranchPoints="0" sequenceCoverage="78.95" branchCoverage="0.0" maxCyclomaticComplexity="0" minCyclomaticComplexity="0" maxCrapScore="0" minCrapScore="0" visitedClasses="1" numClasses="1" visitedMethods="1" numMethods="1" />
          <FullName>Outfrost.JsonResources</FullName>
          <Methods>
            <Method visited="true" cyclomaticComplexity="0" nPathComplexity="0" sequenceCoverage="78.95" branchCoverage="0" crapScore="0" isConstructor="false" isStatic="true" isGetter="false" isSetter="false">
              <Summary numSequencePoints="19" visitedSequencePoints="15" numBranchPoints="0" visitedBranchPoints="0" sequenceCoverage="78.95" branchCoverage="0" maxCyclomaticComplexity="0" minCyclomaticComplexity="0" maxCrapScore="0" minCrapScore="0" visitedClasses="0" numClasses="0" visitedMethods="1" numMethods="1" />
              <MetadataToken>100663317</MetadataToken>
              <Name>static System.Collections.Generic.List[T] Outfrost.JsonResources::Load[T](System.String)</Name>
              <FileRef uid="8" />
              <SequencePoints>
                <SequencePoint vc="1" uspid="2284" ordinal="0" offset="0" sl="10" sc="0" el="10" ec="0" bec="0" bev="0" fileid="8" />
                <SequencePoint vc="1" uspid="2285" ordinal="0" offset="1" sl="11" sc="0" el="11" ec="0" bec="0" bev="0" fileid="8" />
                <SequencePoint vc="1" uspid="2286" ordinal="0" offset="7" sl="13" sc="0" el="13" ec="0" bec="0" bev="0" fileid="8" />
                <SequencePoint vc="1" uspid="2287" ordinal="0" offset="14" sl="14" sc="0" el="14" ec="0" bec="0" bev="0" fileid="8" />
                <SequencePoint vc="1" uspid="2288" ordinal="0" offset="15" sl="14" sc="0" el="14" ec="0" bec="0" bev="0" fileid="8" />
                <SequencePoint vc="1" uspid="2289" ordinal="0" offset="21" sl="14" sc="0" el="14" ec="0" bec="0" bev="0" fileid="8" />
                <SequencePoint vc="1" uspid="2290" ordinal="0" offset="26" sl="14" sc="0" el="14" ec="0" bec="0" bev="0" fileid="8" />
                <SequencePoint vc="1" uspid="2291" ordinal="0" offset="27" sl="15" sc="0" el="15" ec="0" bec="0" bev="0" fileid="8" />
                <SequencePoint vc="1" uspid="2292" ordinal="0" offset="28" sl="16" sc="0" el="16" ec="0" bec="0" bev="0" fileid="8" />
                <SequencePoint vc="1" uspid="2293" ordinal="0" offset="42" sl="17" sc="0" el="17" ec="0" bec="0" bev="0" fileid="8" />
                <SequencePoint vc="1" uspid="2294" ordinal="0" offset="51" sl="18" sc="0" el="18" ec="0" bec="0" bev="0" fileid="8" />
                <SequencePoint vc="0" uspid="2295" ordinal="0" offset="54" sl="19" sc="0" el="19" ec="0" bec="0" bev="0" fileid="8" />
                <SequencePoint vc="0" uspid="2296" ordinal="0" offset="56" sl="19" sc="0" el="19" ec="0" bec="0" bev="0" fileid="8" />
                <SequencePoint vc="0" uspid="2297" ordinal="0" offset="57" sl="20" sc="0" el="20" ec="0" bec="0" bev="0" fileid="8" />
                <SequencePoint vc="0" uspid="2298" ordinal="0" offset="136" sl="27" sc="0" el="27" ec="0" bec="0" bev="0" fileid="8" />
                <SequencePoint vc="1" uspid="2299" ordinal="0" offset="139" sl="28" sc="0" el="28" ec="0" bec="0" bev="0" fileid="8" />
                <SequencePoint vc="2" uspid="2300" ordinal="0" offset="144" sl="14" sc="0" el="14" ec="0" bec="0" bev="0" fileid="8" />
                <SequencePoint vc="1" uspid="2301" ordinal="0" offset="153" sl="30" sc="0" el="30" ec="0" bec="0" bev="0" fileid="8" />
                <SequencePoint vc="1" uspid="2302" ordinal="0" offset="158" sl="31" sc="0" el="31" ec="0" bec="0" bev="0" fileid="8" />
              </SequencePoints>
              <BranchPoints />
            </Method>
          </Methods>
        </Class>
        <Class>
          <Summary numSequencePoints="29" visitedSequencePoints="26" numBranchPoints="0" visitedBranchPoints="0" sequenceCoverage="89.66" branchCoverage="0.0" maxCyclomaticComplexity="0" minCyclomaticComplexity="0" maxCrapScore="0" minCrapScore="0" visitedClasses="1" numClasses="1" visitedMethods="5" numMethods="6" />
          <FullName>Outfrost.Util</FullName>
          <Methods>
            <Method visited="true" cyclomaticComplexity="0" nPathComplexity="0" sequenceCoverage="100.0" branchCoverage="0" crapScore="0" isConstructor="false" isStatic="true" isGetter="false" isSetter="false">
              <Summary numSequencePoints="3" visitedSequencePoints="3" numBranchPoints="0" visitedBranchPoints="0" sequenceCoverage="100.0" branchCoverage="0" maxCyclomaticComplexity="0" minCyclomaticComplexity="0" maxCrapScore="0" minCrapScore="0" visitedClasses="0" numClasses="0" visitedMethods="1" numMethods="1" />
              <MetadataToken>100663322</MetadataToken>
              <Name>static System.Boolean Outfrost.Util::IsPrefab(UnityEngine.GameObject)</Name>
              <FileRef uid="9" />
              <SequencePoints>
                <SequencePoint vc="2" uspid="2303" ordinal="0" offset="0" sl="12" sc="54" el="12" ec="54" bec="0" bev="0" fileid="9" />
                <SequencePoint vc="2" uspid="2304" ordinal="0" offset="1" sl="13" sc="4" el="13" ec="4" bec="0" bev="0" fileid="9" />
                <SequencePoint vc="2" uspid="2305" ordinal="0" offset="21" sl="14" sc="3" el="14" ec="3" bec="0" bev="0" fileid="9" />
              </SequencePoints>
              <BranchPoints />
            </Method>
            <Method visited="true" cyclomaticComplexity="0" nPathComplexity="0" sequenceCoverage="100.0" branchCoverage="0" crapScore="0" isConstructor="false" isStatic="true" isGetter="false" isSetter="false">
              <Summary numSequencePoints="5" visitedSequencePoints="5" numBranchPoints="0" visitedBranchPoints="0" sequenceCoverage="100.0" branchCoverage="0" maxCyclomaticComplexity="0" minCyclomaticComplexity="0" maxCrapScore="0" minCrapScore="0" visitedClasses="0" numClasses="0" visitedMethods="1" numMethods="1" />
              <MetadataToken>100663323</MetadataToken>
              <Name>static System.Single Outfrost.Util::OrthoCameraWorldDiagonalSize(UnityEngine.Camera)</Name>
              <FileRef uid="9" />
              <SequencePoints>
                <SequencePoint vc="1" uspid="2306" ordinal="0" offset="0" sl="16" sc="67" el="16" ec="67" bec="0" bev="0" fileid="9" />
                <SequencePoint vc="1" uspid="2307" ordinal="0" offset="1" sl="17" sc="4" el="17" ec="4" bec="0" bev="0" fileid="9" />
                <SequencePoint vc="1" uspid="2308" ordinal="0" offset="14" sl="18" sc="4" el="18" ec="4" bec="0" bev="0" fileid="9" />
                <SequencePoint vc="1" uspid="2309" ordinal="0" offset="23" sl="19" sc="4" el="19" ec="4" bec="0" bev="0" fileid="9" />
                <SequencePoint vc="1" uspid="2310" ordinal="0" offset="38" sl="20" sc="3" el="20" ec="3" bec="0" bev="0" fileid="9" />
              </SequencePoints>
              <BranchPoints />
            </Method>
            <Method visited="true" cyclomaticComplexity="0" nPathComplexity="0" sequenceCoverage="100.0" branchCoverage="0" crapScore="0" isConstructor="false" isStatic="true" isGetter="false" isSetter="false">
              <Summary numSequencePoints="5" visitedSequencePoints="5" numBranchPoints="0" visitedBranchPoints="0" sequenceCoverage="100.0" branchCoverage="0" maxCyclomaticComplexity="0" minCyclomaticComplexity="0" maxCrapScore="0" minCrapScore="0" visitedClasses="0" numClasses="0" visitedMethods="1" numMethods="1" />
              <MetadataToken>100663324</MetadataToken>
              <Name>static System.Void Outfrost.Util::SetTextAlpha(TMPro.TextMeshPro, System.Single)</Name>
              <FileRef uid="9" />
              <SequencePoints>
                <SequencePoint vc="101" uspid="2311" ordinal="0" offset="0" sl="22" sc="66" el="22" ec="66" bec="0" bev="0" fileid="9" />
                <SequencePoint vc="101" uspid="2312" ordinal="0" offset="1" sl="23" sc="4" el="23" ec="4" bec="0" bev="0" fileid="9" />
                <SequencePoint vc="101" uspid="2313" ordinal="0" offset="8" sl="24" sc="4" el="24" ec="4" bec="0" bev="0" fileid="9" />
                <SequencePoint vc="101" uspid="2314" ordinal="0" offset="21" sl="25" sc="4" el="25" ec="4" bec="0" bev="0" fileid="9" />
                <SequencePoint vc="101" uspid="2315" ordinal="0" offset="29" sl="26" sc="3" el="26" ec="3" bec="0" bev="0" fileid="9" />
              </SequencePoints>
              <BranchPoints />
            </Method>
            <Method visited="true" cyclomaticComplexity="0" nPathComplexity="0" sequenceCoverage="100.0" branchCoverage="0" crapScore="0" isConstructor="false" isStatic="true" isGetter="false" isSetter="false">
              <Summary numSequencePoints="3" visitedSequencePoints="3" numBranchPoints="0" visitedBranchPoints="0" sequenceCoverage="100.0" branchCoverage="0" maxCyclomaticComplexity="0" minCyclomaticComplexity="0" maxCrapScore="0" minCrapScore="0" visitedClasses="0" numClasses="0" visitedMethods="1" numMethods="1" />
              <MetadataToken>100663325</MetadataToken>
              <Name>static System.Boolean Outfrost.Util::IsFacingCamera(UnityEngine.GameObject, UnityEngine.Camera)</Name>
              <FileRef uid="9" />
              <SequencePoints>
                <SequencePoint vc="2" uspid="2316" ordinal="0" offset="0" sl="28" sc="75" el="28" ec="75" bec="0" bev="0" fileid="9" />
                <SequencePoint vc="2" uspid="2317" ordinal="0" offset="1" sl="29" sc="4" el="29" ec="4" bec="0" bev="0" fileid="9" />
                <SequencePoint vc="2" uspid="2318" ordinal="0" offset="38" sl="30" sc="3" el="30" ec="3" bec="0" bev="0" fileid="9" />
              </SequencePoints>
              <BranchPoints />
            </Method>
            <Method visited="false" cyclomaticComplexity="0" nPathComplexity="0" sequenceCoverage="0.0" branchCoverage="0" crapScore="0" isConstructor="false" isStatic="true" isGetter="false" isSetter="false">
              <Summary numSequencePoints="3" visitedSequencePoints="0" numBranchPoints="0" visitedBranchPoints="0" sequenceCoverage="0.0" branchCoverage="0" maxCyclomaticComplexity="0" minCyclomaticComplexity="0" maxCrapScore="0" minCrapScore="0" visitedClasses="0" numClasses="0" visitedMethods="0" numMethods="1" />
              <MetadataToken>100663326</MetadataToken>
              <Name>static System.Boolean Outfrost.Util::IsFacingCamera(UnityEngine.GameObject)</Name>
              <FileRef uid="9" />
              <SequencePoints>
                <SequencePoint vc="0" uspid="2319" ordinal="0" offset="0" sl="32" sc="0" el="32" ec="0" bec="0" bev="0" fileid="9" />
                <SequencePoint vc="0" uspid="2320" ordinal="0" offset="1" sl="33" sc="0" el="33" ec="0" bec="0" bev="0" fileid="9" />
                <SequencePoint vc="0" uspid="2321" ordinal="0" offset="15" sl="34" sc="0" el="34" ec="0" bec="0" bev="0" fileid="9" />
              </SequencePoints>
              <BranchPoints />
            </Method>
            <Method visited="true" cyclomaticComplexity="0" nPathComplexity="0" sequenceCoverage="100.0" branchCoverage="0" crapScore="0" isConstructor="false" isStatic="true" isGetter="false" isSetter="false">
              <Summary numSequencePoints="10" visitedSequencePoints="10" numBranchPoints="0" visitedBranchPoints="0" sequenceCoverage="100.0" branchCoverage="0" maxCyclomaticComplexity="0" minCyclomaticComplexity="0" maxCrapScore="0" minCrapScore="0" visitedClasses="0" numClasses="0" visitedMethods="1" numMethods="1" />
              <MetadataToken>100663327</MetadataToken>
              <Name>static System.Byte[] Outfrost.Util::BytesFromStream(System.IO.Stream)</Name>
              <FileRef uid="9" />
              <SequencePoints>
                <SequencePoint vc="1" uspid="2322" ordinal="0" offset="0" sl="37" sc="3" el="37" ec="3" bec="0" bev="0" fileid="9" />
                <SequencePoint vc="1" uspid="2323" ordinal="0" offset="1" sl="38" sc="4" el="38" ec="4" bec="0" bev="0" fileid="9" />
                <SequencePoint vc="1" uspid="2324" ordinal="0" offset="12" sl="39" sc="11" el="39" ec="11" bec="0" bev="0" fileid="9" />
                <SequencePoint vc="1" uspid="2325" ordinal="0" offset="18" sl="40" sc="4" el="40" ec="4" bec="0" bev="0" fileid="9" />
                <SequencePoint vc="1" uspid="2326" ordinal="0" offset="21" sl="43" sc="5" el="43" ec="5" bec="0" bev="0" fileid="9" />
                <SequencePoint vc="1" uspid="2327" ordinal="0" offset="22" sl="44" sc="6" el="44" ec="6" bec="0" bev="0" fileid="9" />
                <SequencePoint vc="1" uspid="2328" ordinal="0" offset="32" sl="45" sc="5" el="45" ec="5" bec="0" bev="0" fileid="9" />
                <SequencePoint vc="2" uspid="2329" ordinal="0" offset="33" sl="42" sc="5" el="42" ec="5" bec="0" bev="0" fileid="9" />
                <SequencePoint vc="1" uspid="2330" ordinal="0" offset="53" sl="46" sc="5" el="46" ec="5" bec="0" bev="0" fileid="9" />
                <SequencePoint vc="1" uspid="2331" ordinal="0" offset="74" sl="48" sc="3" el="48" ec="3" bec="0" bev="0" fileid="9" />
              </SequencePoints>
              <BranchPoints />
            </Method>
          </Methods>
        </Class>
        <Class>
          <Summary numSequencePoints="9" visitedSequencePoints="0" numBranchPoints="0" visitedBranchPoints="0" sequenceCoverage="0.0" branchCoverage="0.0" maxCyclomaticComplexity="0" minCyclomaticComplexity="0" maxCrapScore="0" minCrapScore="0" visitedClasses="0" numClasses="1" visitedMethods="0" numMethods="3" />
          <FullName>Outfrost.GoogleSheets.CellData</FullName>
          <Methods>
            <Method visited="false" cyclomaticComplexity="0" nPathComplexity="0" sequenceCoverage="0.0" branchCoverage="0" crapScore="0" isConstructor="false" isStatic="false" isGetter="true" isSetter="false">
              <Summary numSequencePoints="3" visitedSequencePoints="0" numBranchPoints="0" visitedBranchPoints="0" sequenceCoverage="0.0" branchCoverage="0" maxCyclomaticComplexity="0" minCyclomaticComplexity="0" maxCrapScore="0" minCrapScore="0" visitedClasses="0" numClasses="0" visitedMethods="0" numMethods="1" />
              <MetadataToken>100663329</MetadataToken>
              <Name>System.Int32 Outfrost.GoogleSheets.CellData::get_IntValue()</Name>
              <FileRef uid="10" />
              <SequencePoints>
                <SequencePoint vc="0" uspid="2332" ordinal="0" offset="0" sl="14" sc="0" el="14" ec="0" bec="0" bev="0" fileid="10" />
                <SequencePoint vc="0" uspid="2333" ordinal="0" offset="1" sl="14" sc="0" el="14" ec="0" bec="0" bev="0" fileid="10" />
                <SequencePoint vc="0" uspid="2334" ordinal="0" offset="16" sl="14" sc="0" el="14" ec="0" bec="0" bev="0" fileid="10" />
              </SequencePoints>
              <BranchPoints />
            </Method>
            <Method visited="false" cyclomaticComplexity="0" nPathComplexity="0" sequenceCoverage="0.0" branchCoverage="0" crapScore="0" isConstructor="false" isStatic="false" isGetter="true" isSetter="false">
              <Summary numSequencePoints="3" visitedSequencePoints="0" numBranchPoints="0" visitedBranchPoints="0" sequenceCoverage="0.0" branchCoverage="0" maxCyclomaticComplexity="0" minCyclomaticComplexity="0" maxCrapScore="0" minCrapScore="0" visitedClasses="0" numClasses="0" visitedMethods="0" numMethods="1" />
              <MetadataToken>100663330</MetadataToken>
              <Name>System.String Outfrost.GoogleSheets.CellData::get_StringValue()</Name>
              <FileRef uid="10" />
              <SequencePoints>
                <SequencePoint vc="0" uspid="2335" ordinal="0" offset="0" sl="18" sc="0" el="18" ec="0" bec="0" bev="0" fileid="10" />
                <SequencePoint vc="0" uspid="2336" ordinal="0" offset="1" sl="18" sc="0" el="18" ec="0" bec="0" bev="0" fileid="10" />
                <SequencePoint vc="0" uspid="2337" ordinal="0" offset="15" sl="18" sc="0" el="18" ec="0" bec="0" bev="0" fileid="10" />
              </SequencePoints>
              <BranchPoints />
            </Method>
            <Method visited="false" cyclomaticComplexity="0" nPathComplexity="0" sequenceCoverage="0.0" branchCoverage="0" crapScore="0" isConstructor="false" isStatic="false" isGetter="false" isSetter="false">
              <Summary numSequencePoints="3" visitedSequencePoints="0" numBranchPoints="0" visitedBranchPoints="0" sequenceCoverage="0.0" branchCoverage="0" maxCyclomaticComplexity="0" minCyclomaticComplexity="0" maxCrapScore="0" minCrapScore="0" visitedClasses="0" numClasses="0" visitedMethods="0" numMethods="1" />
              <MetadataToken>100663331</MetadataToken>
              <Name>System.String Outfrost.GoogleSheets.CellData::GetStringValue(System.String)</Name>
              <FileRef uid="10" />
              <SequencePoints>
                <SequencePoint vc="0" uspid="2338" ordinal="0" offset="0" sl="21" sc="0" el="21" ec="0" bec="0" bev="0" fileid="10" />
                <SequencePoint vc="0" uspid="2339" ordinal="0" offset="1" sl="22" sc="0" el="22" ec="0" bec="0" bev="0" fileid="10" />
                <SequencePoint vc="0" uspid="2340" ordinal="0" offset="15" sl="23" sc="0" el="23" ec="0" bec="0" bev="0" fileid="10" />
              </SequencePoints>
              <BranchPoints />
            </Method>
          </Methods>
        </Class>
        <Class>
          <Summary numSequencePoints="3" visitedSequencePoints="0" numBranchPoints="0" visitedBranchPoints="0" sequenceCoverage="0.0" branchCoverage="0.0" maxCyclomaticComplexity="0" minCyclomaticComplexity="0" maxCrapScore="0" minCrapScore="0" visitedClasses="0" numClasses="1" visitedMethods="0" numMethods="1" />
          <FullName>Outfrost.Debug.VersionText</FullName>
          <Methods>
            <Method visited="false" cyclomaticComplexity="0" nPathComplexity="0" sequenceCoverage="0.0" branchCoverage="0" crapScore="0" isConstructor="false" isStatic="false" isGetter="false" isSetter="false">
              <Summary numSequencePoints="3" visitedSequencePoints="0" numBranchPoints="0" visitedBranchPoints="0" sequenceCoverage="0.0" branchCoverage="0" maxCyclomaticComplexity="0" minCyclomaticComplexity="0" maxCrapScore="0" minCrapScore="0" visitedClasses="0" numClasses="0" visitedMethods="0" numMethods="1" />
              <MetadataToken>100663332</MetadataToken>
              <Name>System.Void Outfrost.Debug.VersionText::Start()</Name>
              <FileRef uid="11" />
              <SequencePoints>
                <SequencePoint vc="0" uspid="2341" ordinal="0" offset="0" sl="8" sc="0" el="8" ec="0" bec="0" bev="0" fileid="11" />
                <SequencePoint vc="0" uspid="2342" ordinal="0" offset="1" sl="9" sc="0" el="9" ec="0" bec="0" bev="0" fileid="11" />
                <SequencePoint vc="0" uspid="2343" ordinal="0" offset="72" sl="15" sc="0" el="15" ec="0" bec="0" bev="0" fileid="11" />
              </SequencePoints>
              <BranchPoints />
            </Method>
          </Methods>
        </Class>
        <Class>
          <Summary numSequencePoints="71" visitedSequencePoints="1" numBranchPoints="0" visitedBranchPoints="0" sequenceCoverage="1.41" branchCoverage="0.0" maxCyclomaticComplexity="0" minCyclomaticComplexity="0" maxCrapScore="0" minCrapScore="0" visitedClasses="1" numClasses="1" visitedMethods="1" numMethods="11" />
          <FullName>DeckSwipe.Game</FullName>
          <Methods>
            <Method visited="false" cyclomaticComplexity="0" nPathComplexity="0" sequenceCoverage="0.0" branchCoverage="0" crapScore="0" isConstructor="false" isStatic="false" isGetter="true" isSetter="false">
              <Summary numSequencePoints="3" visitedSequencePoints="0" numBranchPoints="0" visitedBranchPoints="0" sequenceCoverage="0.0" branchCoverage="0" maxCyclomaticComplexity="0" minCyclomaticComplexity="0" maxCrapScore="0" minCrapScore="0" visitedClasses="0" numClasses="0" visitedMethods="0" numMethods="1" />
              <MetadataToken>100663334</MetadataToken>
              <Name>DeckSwipe.Gamestate.CardStorage DeckSwipe.Game::get_CardStorage()</Name>
              <FileRef uid="12" />
              <SequencePoints>
                <SequencePoint vc="0" uspid="2344" ordinal="0" offset="0" sl="23" sc="0" el="23" ec="0" bec="0" bev="0" fileid="12" />
                <SequencePoint vc="0" uspid="2345" ordinal="0" offset="1" sl="23" sc="0" el="23" ec="0" bec="0" bev="0" fileid="12" />
                <SequencePoint vc="0" uspid="2346" ordinal="0" offset="10" sl="23" sc="0" el="23" ec="0" bec="0" bev="0" fileid="12" />
              </SequencePoints>
              <BranchPoints />
            </Method>
            <Method visited="false" cyclomaticComplexity="0" nPathComplexity="0" sequenceCoverage="0.0" branchCoverage="0" crapScore="0" isConstructor="false" isStatic="false" isGetter="false" isSetter="false">
              <Summary numSequencePoints="7" visitedSequencePoints="0" numBranchPoints="0" visitedBranchPoints="0" sequenceCoverage="0.0" branchCoverage="0" maxCyclomaticComplexity="0" minCyclomaticComplexity="0" maxCrapScore="0" minCrapScore="0" visitedClasses="0" numClasses="0" visitedMethods="0" numMethods="1" />
              <MetadataToken>100663335</MetadataToken>
              <Name>System.Void DeckSwipe.Game::Awake()</Name>
              <FileRef uid="12" />
              <SequencePoints>
                <SequencePoint vc="0" uspid="2347" ordinal="0" offset="0" sl="34" sc="0" el="34" ec="0" bec="0" bev="0" fileid="12" />
                <SequencePoint vc="0" uspid="2348" ordinal="0" offset="1" sl="35" sc="0" el="35" ec="0" bec="0" bev="0" fileid="12" />
                <SequencePoint vc="0" uspid="2349" ordinal="0" offset="8" sl="39" sc="0" el="39" ec="0" bec="0" bev="0" fileid="12" />
                <SequencePoint vc="0" uspid="2350" ordinal="0" offset="53" sl="50" sc="0" el="50" ec="0" bec="0" bev="0" fileid="12" />
                <SequencePoint vc="0" uspid="2351" ordinal="0" offset="76" sl="51" sc="0" el="51" ec="0" bec="0" bev="0" fileid="12" />
                <SequencePoint vc="0" uspid="2352" ordinal="0" offset="93" sl="53" sc="0" el="53" ec="0" bec="0" bev="0" fileid="12" />
                <SequencePoint vc="0" uspid="2353" ordinal="0" offset="111" sl="54" sc="0" el="54" ec="0" bec="0" bev="0" fileid="12" />
              </SequencePoints>
              <BranchPoints />
            </Method>
            <Method visited="false" cyclomaticComplexity="0" nPathComplexity="0" sequenceCoverage="0.0" branchCoverage="0" crapScore="0" isConstructor="false" isStatic="false" isGetter="false" isSetter="false">
              <Summary numSequencePoints="3" visitedSequencePoints="0" numBranchPoints="0" visitedBranchPoints="0" sequenceCoverage="0.0" branchCoverage="0" maxCyclomaticComplexity="0" minCyclomaticComplexity="0" maxCrapScore="0" minCrapScore="0" visitedClasses="0" numClasses="0" visitedMethods="0" numMethods="1" />
              <MetadataToken>100663336</MetadataToken>
              <Name>System.Void DeckSwipe.Game::Start()</Name>
              <FileRef uid="12" />
              <SequencePoints>
                <SequencePoint vc="0" uspid="2354" ordinal="0" offset="0" sl="56" sc="0" el="56" ec="0" bec="0" bev="0" fileid="12" />
                <SequencePoint vc="0" uspid="2355" ordinal="0" offset="1" sl="57" sc="0" el="57" ec="0" bec="0" bev="0" fileid="12" />
                <SequencePoint vc="0" uspid="2356" ordinal="0" offset="20" sl="58" sc="0" el="58" ec="0" bec="0" bev="0" fileid="12" />
              </SequencePoints>
              <BranchPoints />
            </Method>
            <Method visited="false" cyclomaticComplexity="0" nPathComplexity="0" sequenceCoverage="0.0" branchCoverage="0" crapScore="0" isConstructor="false" isStatic="false" isGetter="false" isSetter="false">
              <Summary numSequencePoints="4" visitedSequencePoints="0" numBranchPoints="0" visitedBranchPoints="0" sequenceCoverage="0.0" branchCoverage="0" maxCyclomaticComplexity="0" minCyclomaticComplexity="0" maxCrapScore="0" minCrapScore="0" visitedClasses="0" numClasses="0" visitedMethods="0" numMethods="1" />
              <MetadataToken>100663337</MetadataToken>
              <Name>System.Void DeckSwipe.Game::StartGame()</Name>
              <FileRef uid="12" />
              <SequencePoints>
                <SequencePoint vc="0" uspid="2357" ordinal="0" offset="0" sl="60" sc="0" el="60" ec="0" bec="0" bev="0" fileid="12" />
                <SequencePoint vc="0" uspid="2358" ordinal="0" offset="1" sl="61" sc="0" el="61" ec="0" bec="0" bev="0" fileid="12" />
[...]
                <SequencePoint vc="0" uspid="4093" ordinal="0" offset="4108" sl="226" sc="0" el="226" ec="0" bec="0" bev="0" fileid="44" />
                <SequencePoint vc="0" uspid="4094" ordinal="0" offset="4129" sl="227" sc="0" el="227" ec="0" bec="0" bev="0" fileid="44" />
                <SequencePoint vc="0" uspid="4095" ordinal="0" offset="4150" sl="228" sc="0" el="228" ec="0" bec="0" bev="0" fileid="44" />
                <SequencePoint vc="0" uspid="4096" ordinal="0" offset="4171" sl="230" sc="0" el="230" ec="0" bec="0" bev="0" fileid="44" />
                <SequencePoint vc="0" uspid="4097" ordinal="0" offset="4216" sl="230" sc="0" el="230" ec="0" bec="0" bev="0" fileid="44" />
                <SequencePoint vc="0" uspid="4098" ordinal="0" offset="4217" sl="231" sc="0" el="231" ec="0" bec="0" bev="0" fileid="44" />
                <SequencePoint vc="0" uspid="4099" ordinal="0" offset="4259" sl="231" sc="0" el="231" ec="0" bec="0" bev="0" fileid="44" />
                <SequencePoint vc="0" uspid="4100" ordinal="0" offset="4260" sl="232" sc="0" el="232" ec="0" bec="0" bev="0" fileid="44" />
                <SequencePoint vc="0" uspid="4101" ordinal="0" offset="4353" sl="235" sc="0" el="235" ec="0" bec="0" bev="0" fileid="44" />
                <SequencePoint vc="0" uspid="4102" ordinal="0" offset="4356" sl="236" sc="0" el="236" ec="0" bec="0" bev="0" fileid="44" />
                <SequencePoint vc="0" uspid="4103" ordinal="0" offset="4357" sl="237" sc="0" el="237" ec="0" bec="0" bev="0" fileid="44" />
                <SequencePoint vc="0" uspid="4104" ordinal="0" offset="4450" sl="240" sc="0" el="240" ec="0" bec="0" bev="0" fileid="44" />
                <SequencePoint vc="0" uspid="4105" ordinal="0" offset="4451" sl="241" sc="0" el="241" ec="0" bec="0" bev="0" fileid="44" />
                <SequencePoint vc="0" uspid="4106" ordinal="0" offset="4452" sl="242" sc="0" el="242" ec="0" bec="0" bev="0" fileid="44" />
                <SequencePoint vc="0" uspid="4107" ordinal="0" offset="4497" sl="242" sc="0" el="242" ec="0" bec="0" bev="0" fileid="44" />
                <SequencePoint vc="0" uspid="4108" ordinal="0" offset="4498" sl="243" sc="0" el="243" ec="0" bec="0" bev="0" fileid="44" />
                <SequencePoint vc="0" uspid="4109" ordinal="0" offset="4540" sl="243" sc="0" el="243" ec="0" bec="0" bev="0" fileid="44" />
                <SequencePoint vc="0" uspid="4110" ordinal="0" offset="4541" sl="244" sc="0" el="244" ec="0" bec="0" bev="0" fileid="44" />
                <SequencePoint vc="0" uspid="4111" ordinal="0" offset="4634" sl="247" sc="0" el="247" ec="0" bec="0" bev="0" fileid="44" />
                <SequencePoint vc="0" uspid="4112" ordinal="0" offset="4637" sl="248" sc="0" el="248" ec="0" bec="0" bev="0" fileid="44" />
                <SequencePoint vc="0" uspid="4113" ordinal="0" offset="4638" sl="249" sc="0" el="249" ec="0" bec="0" bev="0" fileid="44" />
                <SequencePoint vc="0" uspid="4114" ordinal="0" offset="4731" sl="252" sc="0" el="252" ec="0" bec="0" bev="0" fileid="44" />
                <SequencePoint vc="0" uspid="4115" ordinal="0" offset="4732" sl="253" sc="0" el="253" ec="0" bec="0" bev="0" fileid="44" />
                <SequencePoint vc="0" uspid="4116" ordinal="0" offset="4733" sl="255" sc="0" el="255" ec="0" bec="0" bev="0" fileid="44" />
                <SequencePoint vc="0" uspid="4117" ordinal="0" offset="4751" sl="256" sc="0" el="256" ec="0" bec="0" bev="0" fileid="44" />
                <SequencePoint vc="0" uspid="4118" ordinal="0" offset="4773" sl="213" sc="0" el="213" ec="0" bec="0" bev="0" fileid="44" />
                <SequencePoint vc="0" uspid="4119" ordinal="0" offset="4791" sl="213" sc="0" el="213" ec="0" bec="0" bev="0" fileid="44" />
                <SequencePoint vc="0" uspid="4120" ordinal="0" offset="4816" sl="258" sc="0" el="258" ec="0" bec="0" bev="0" fileid="44" />
                <SequencePoint vc="0" uspid="4121" ordinal="0" offset="4853" sl="259" sc="0" el="259" ec="0" bec="0" bev="0" fileid="44" />
                <SequencePoint vc="0" uspid="4122" ordinal="0" offset="4890" sl="260" sc="0" el="260" ec="0" bec="0" bev="0" fileid="44" />
                <SequencePoint vc="0" uspid="4123" ordinal="0" offset="4927" sl="261" sc="0" el="261" ec="0" bec="0" bev="0" fileid="44" />
                <SequencePoint vc="0" uspid="4124" ordinal="0" offset="4964" sl="263" sc="0" el="263" ec="0" bec="0" bev="0" fileid="44" />
                <SequencePoint vc="0" uspid="4125" ordinal="0" offset="5022" sl="264" sc="0" el="264" ec="0" bec="0" bev="0" fileid="44" />
              </SequencePoints>
              <BranchPoints />
            </Method>
          </Methods>
        </Class>
        <Class>
          <Summary numSequencePoints="10" visitedSequencePoints="0" numBranchPoints="0" visitedBranchPoints="0" sequenceCoverage="0.0" branchCoverage="0.0" maxCyclomaticComplexity="0" minCyclomaticComplexity="0" maxCrapScore="0" minCrapScore="0" visitedClasses="0" numClasses="1" visitedMethods="0" numMethods="1" />
          <FullName>DeckSwipe.CardModel.Import.Resource.GoogleSheetsConfig/&lt;Create&gt;d__2</FullName>
          <Methods>
            <Method visited="false" cyclomaticComplexity="0" nPathComplexity="0" sequenceCoverage="0.0" branchCoverage="0" crapScore="0" isConstructor="false" isStatic="false" isGetter="false" isSetter="false">
              <Summary numSequencePoints="10" visitedSequencePoints="0" numBranchPoints="0" visitedBranchPoints="0" sequenceCoverage="0.0" branchCoverage="0" maxCyclomaticComplexity="0" minCyclomaticComplexity="0" maxCrapScore="0" minCrapScore="0" visitedClasses="0" numClasses="0" visitedMethods="0" numMethods="1" />
              <MetadataToken>100663626</MetadataToken>
              <Name>System.Void DeckSwipe.CardModel.Import.Resource.GoogleSheetsConfig/&lt;Create&gt;d__2::MoveNext()</Name>
              <FileRef uid="45" />
              <SequencePoints>
                <SequencePoint vc="0" uspid="4126" ordinal="0" offset="15" sl="15" sc="0" el="15" ec="0" bec="0" bev="0" fileid="45" />
                <SequencePoint vc="0" uspid="4127" ordinal="0" offset="16" sl="16" sc="0" el="16" ec="0" bec="0" bev="0" fileid="45" />
                <SequencePoint vc="0" uspid="4128" ordinal="0" offset="33" sl="17" sc="0" el="17" ec="0" bec="0" bev="0" fileid="45" />
                <SequencePoint vc="0" uspid="4129" ordinal="0" offset="82" sl="17" sc="0" el="17" ec="0" bec="0" bev="0" fileid="45" />
                <SequencePoint vc="0" uspid="4130" ordinal="0" offset="83" sl="18" sc="0" el="18" ec="0" bec="0" bev="0" fileid="45" />
                <SequencePoint vc="0" uspid="4131" ordinal="0" offset="100" sl="19" sc="0" el="19" ec="0" bec="0" bev="0" fileid="45" />
                <SequencePoint vc="0" uspid="4132" ordinal="0" offset="207" sl="20" sc="0" el="20" ec="0" bec="0" bev="0" fileid="45" />
                <SequencePoint vc="0" uspid="4133" ordinal="0" offset="310" sl="21" sc="0" el="21" ec="0" bec="0" bev="0" fileid="45" />
                <SequencePoint vc="0" uspid="4134" ordinal="0" offset="411" sl="22" sc="0" el="22" ec="0" bec="0" bev="0" fileid="45" />
                <SequencePoint vc="0" uspid="4135" ordinal="0" offset="481" sl="23" sc="0" el="23" ec="0" bec="0" bev="0" fileid="45" />
              </SequencePoints>
              <BranchPoints />
            </Method>
          </Methods>
        </Class>
        <Class>
          <Summary numSequencePoints="25" visitedSequencePoints="0" numBranchPoints="0" visitedBranchPoints="0" sequenceCoverage="0.0" branchCoverage="0.0" maxCyclomaticComplexity="0" minCyclomaticComplexity="0" maxCrapScore="0" minCrapScore="0" visitedClasses="0" numClasses="1" visitedMethods="0" numMethods="1" />
          <FullName>DeckSwipe.CardModel.Import.Resource.GoogleSheetsConfig/&lt;Load&gt;d__3</FullName>
          <Methods>
            <Method visited="false" cyclomaticComplexity="0" nPathComplexity="0" sequenceCoverage="0.0" branchCoverage="0" crapScore="0" isConstructor="false" isStatic="false" isGetter="false" isSetter="false">
              <Summary numSequencePoints="25" visitedSequencePoints="0" numBranchPoints="0" visitedBranchPoints="0" sequenceCoverage="0.0" branchCoverage="0" maxCyclomaticComplexity="0" minCyclomaticComplexity="0" maxCrapScore="0" minCrapScore="0" visitedClasses="0" numClasses="0" visitedMethods="0" numMethods="1" />
              <MetadataToken>100663629</MetadataToken>
              <Name>System.Void DeckSwipe.CardModel.Import.Resource.GoogleSheetsConfig/&lt;Load&gt;d__3::MoveNext()</Name>
              <FileRef uid="45" />
              <SequencePoints>
                <SequencePoint vc="0" uspid="4136" ordinal="0" offset="25" sl="25" sc="0" el="25" ec="0" bec="0" bev="0" fileid="45" />
                <SequencePoint vc="0" uspid="4137" ordinal="0" offset="26" sl="26" sc="0" el="26" ec="0" bec="0" bev="0" fileid="45" />
                <SequencePoint vc="0" uspid="4138" ordinal="0" offset="43" sl="26" sc="0" el="26" ec="0" bec="0" bev="0" fileid="45" />
                <SequencePoint vc="0" uspid="4139" ordinal="0" offset="44" sl="27" sc="0" el="27" ec="0" bec="0" bev="0" fileid="45" />
                <SequencePoint vc="0" uspid="4140" ordinal="0" offset="140" sl="28" sc="0" el="28" ec="0" bec="0" bev="0" fileid="45" />
                <SequencePoint vc="0" uspid="4141" ordinal="0" offset="141" sl="31" sc="0" el="31" ec="0" bec="0" bev="0" fileid="45" />
                <SequencePoint vc="0" uspid="4142" ordinal="0" offset="166" sl="31" sc="0" el="31" ec="0" bec="0" bev="0" fileid="45" />
                <SequencePoint vc="0" uspid="4143" ordinal="0" offset="167" sl="32" sc="0" el="32" ec="0" bec="0" bev="0" fileid="45" />
                <SequencePoint vc="0" uspid="4144" ordinal="0" offset="184" sl="33" sc="0" el="33" ec="0" bec="0" bev="0" fileid="45" />
                <SequencePoint vc="0" uspid="4145" ordinal="0" offset="313" sl="34" sc="0" el="34" ec="0" bec="0" bev="0" fileid="45" />
                <SequencePoint vc="0" uspid="4146" ordinal="0" offset="355" sl="36" sc="0" el="36" ec="0" bec="0" bev="0" fileid="45" />
                <SequencePoint vc="0" uspid="4147" ordinal="0" offset="356" sl="37" sc="0" el="37" ec="0" bec="0" bev="0" fileid="45" />
                <SequencePoint vc="0" uspid="4148" ordinal="0" offset="373" sl="38" sc="0" el="38" ec="0" bec="0" bev="0" fileid="45" />
                <SequencePoint vc="0" uspid="4149" ordinal="0" offset="376" sl="39" sc="0" el="39" ec="0" bec="0" bev="0" fileid="45" />
                <SequencePoint vc="0" uspid="4150" ordinal="0" offset="386" sl="39" sc="0" el="39" ec="0" bec="0" bev="0" fileid="45" />
                <SequencePoint vc="0" uspid="4151" ordinal="0" offset="387" sl="40" sc="0" el="40" ec="0" bec="0" bev="0" fileid="45" />
                <SequencePoint vc="0" uspid="4152" ordinal="0" offset="424" sl="41" sc="0" el="41" ec="0" bec="0" bev="0" fileid="45" />
                <SequencePoint vc="0" uspid="4153" ordinal="0" offset="435" sl="42" sc="0" el="42" ec="0" bec="0" bev="0" fileid="45" />
                <SequencePoint vc="0" uspid="4154" ordinal="0" offset="438" sl="44" sc="0" el="44" ec="0" bec="0" bev="0" fileid="45" />
                <SequencePoint vc="0" uspid="4155" ordinal="0" offset="481" sl="44" sc="0" el="44" ec="0" bec="0" bev="0" fileid="45" />
                <SequencePoint vc="0" uspid="4156" ordinal="0" offset="482" sl="45" sc="0" el="45" ec="0" bec="0" bev="0" fileid="45" />
                <SequencePoint vc="0" uspid="4157" ordinal="0" offset="493" sl="46" sc="0" el="46" ec="0" bec="0" bev="0" fileid="45" />
                <SequencePoint vc="0" uspid="4158" ordinal="0" offset="519" sl="48" sc="0" el="48" ec="0" bec="0" bev="0" fileid="45" />
                <SequencePoint vc="0" uspid="4159" ordinal="0" offset="520" sl="50" sc="0" el="50" ec="0" bec="0" bev="0" fileid="45" />
                <SequencePoint vc="0" uspid="4160" ordinal="0" offset="555" sl="51" sc="0" el="51" ec="0" bec="0" bev="0" fileid="45" />
              </SequencePoints>
              <BranchPoints />
            </Method>
          </Methods>
        </Class>
        <Class>
          <Summary numSequencePoints="11" visitedSequencePoints="0" numBranchPoints="0" visitedBranchPoints="0" sequenceCoverage="0.0" branchCoverage="0.0" maxCyclomaticComplexity="0" minCyclomaticComplexity="0" maxCrapScore="0" minCrapScore="0" visitedClasses="0" numClasses="1" visitedMethods="0" numMethods="1" />
          <FullName>DeckSwipe.CardModel.Import.Resource.GoogleSheetsSecrets/&lt;Create&gt;d__3</FullName>
          <Methods>
            <Method visited="false" cyclomaticComplexity="0" nPathComplexity="0" sequenceCoverage="0.0" branchCoverage="0" crapScore="0" isConstructor="false" isStatic="false" isGetter="false" isSetter="false">
              <Summary numSequencePoints="11" visitedSequencePoints="0" numBranchPoints="0" visitedBranchPoints="0" sequenceCoverage="0.0" branchCoverage="0" maxCyclomaticComplexity="0" minCyclomaticComplexity="0" maxCrapScore="0" minCrapScore="0" visitedClasses="0" numClasses="0" visitedMethods="0" numMethods="1" />
              <MetadataToken>100663632</MetadataToken>
              <Name>System.Void DeckSwipe.CardModel.Import.Resource.GoogleSheetsSecrets/&lt;Create&gt;d__3::MoveNext()</Name>
              <FileRef uid="46" />
              <SequencePoints>
                <SequencePoint vc="0" uspid="4161" ordinal="0" offset="15" sl="16" sc="0" el="16" ec="0" bec="0" bev="0" fileid="46" />
                <SequencePoint vc="0" uspid="4162" ordinal="0" offset="16" sl="17" sc="0" el="17" ec="0" bec="0" bev="0" fileid="46" />
                <SequencePoint vc="0" uspid="4163" ordinal="0" offset="27" sl="18" sc="0" el="18" ec="0" bec="0" bev="0" fileid="46" />
                <SequencePoint vc="0" uspid="4164" ordinal="0" offset="44" sl="19" sc="0" el="19" ec="0" bec="0" bev="0" fileid="46" />
                <SequencePoint vc="0" uspid="4165" ordinal="0" offset="93" sl="19" sc="0" el="19" ec="0" bec="0" bev="0" fileid="46" />
                <SequencePoint vc="0" uspid="4166" ordinal="0" offset="94" sl="20" sc="0" el="20" ec="0" bec="0" bev="0" fileid="46" />
                <SequencePoint vc="0" uspid="4167" ordinal="0" offset="111" sl="21" sc="0" el="21" ec="0" bec="0" bev="0" fileid="46" />
                <SequencePoint vc="0" uspid="4168" ordinal="0" offset="218" sl="22" sc="0" el="22" ec="0" bec="0" bev="0" fileid="46" />
                <SequencePoint vc="0" uspid="4169" ordinal="0" offset="321" sl="23" sc="0" el="23" ec="0" bec="0" bev="0" fileid="46" />
                <SequencePoint vc="0" uspid="4170" ordinal="0" offset="422" sl="24" sc="0" el="24" ec="0" bec="0" bev="0" fileid="46" />
                <SequencePoint vc="0" uspid="4171" ordinal="0" offset="492" sl="25" sc="0" el="25" ec="0" bec="0" bev="0" fileid="46" />
              </SequencePoints>
              <BranchPoints />
            </Method>
          </Methods>
        </Class>
        <Class>
          <Summary numSequencePoints="25" visitedSequencePoints="0" numBranchPoints="0" visitedBranchPoints="0" sequenceCoverage="0.0" branchCoverage="0.0" maxCyclomaticComplexity="0" minCyclomaticComplexity="0" maxCrapScore="0" minCrapScore="0" visitedClasses="0" numClasses="1" visitedMethods="0" numMethods="1" />
          <FullName>DeckSwipe.CardModel.Import.Resource.GoogleSheetsSecrets/&lt;Load&gt;d__4</FullName>
          <Methods>
            <Method visited="false" cyclomaticComplexity="0" nPathComplexity="0" sequenceCoverage="0.0" branchCoverage="0" crapScore="0" isConstructor="false" isStatic="false" isGetter="false" isSetter="false">
              <Summary numSequencePoints="25" visitedSequencePoints="0" numBranchPoints="0" visitedBranchPoints="0" sequenceCoverage="0.0" branchCoverage="0" maxCyclomaticComplexity="0" minCyclomaticComplexity="0" maxCrapScore="0" minCrapScore="0" visitedClasses="0" numClasses="0" visitedMethods="0" numMethods="1" />
              <MetadataToken>100663635</MetadataToken>
              <Name>System.Void DeckSwipe.CardModel.Import.Resource.GoogleSheetsSecrets/&lt;Load&gt;d__4::MoveNext()</Name>
              <FileRef uid="46" />
              <SequencePoints>
                <SequencePoint vc="0" uspid="4172" ordinal="0" offset="25" sl="27" sc="0" el="27" ec="0" bec="0" bev="0" fileid="46" />
                <SequencePoint vc="0" uspid="4173" ordinal="0" offset="26" sl="28" sc="0" el="28" ec="0" bec="0" bev="0" fileid="46" />
                <SequencePoint vc="0" uspid="4174" ordinal="0" offset="43" sl="28" sc="0" el="28" ec="0" bec="0" bev="0" fileid="46" />
                <SequencePoint vc="0" uspid="4175" ordinal="0" offset="44" sl="29" sc="0" el="29" ec="0" bec="0" bev="0" fileid="46" />
                <SequencePoint vc="0" uspid="4176" ordinal="0" offset="140" sl="30" sc="0" el="30" ec="0" bec="0" bev="0" fileid="46" />
                <SequencePoint vc="0" uspid="4177" ordinal="0" offset="141" sl="33" sc="0" el="33" ec="0" bec="0" bev="0" fileid="46" />
                <SequencePoint vc="0" uspid="4178" ordinal="0" offset="166" sl="33" sc="0" el="33" ec="0" bec="0" bev="0" fileid="46" />
                <SequencePoint vc="0" uspid="4179" ordinal="0" offset="167" sl="34" sc="0" el="34" ec="0" bec="0" bev="0" fileid="46" />
                <SequencePoint vc="0" uspid="4180" ordinal="0" offset="184" sl="35" sc="0" el="35" ec="0" bec="0" bev="0" fileid="46" />
                <SequencePoint vc="0" uspid="4181" ordinal="0" offset="313" sl="36" sc="0" el="36" ec="0" bec="0" bev="0" fileid="46" />
                <SequencePoint vc="0" uspid="4182" ordinal="0" offset="355" sl="38" sc="0" el="38" ec="0" bec="0" bev="0" fileid="46" />
                <SequencePoint vc="0" uspid="4183" ordinal="0" offset="356" sl="39" sc="0" el="39" ec="0" bec="0" bev="0" fileid="46" />
                <SequencePoint vc="0" uspid="4184" ordinal="0" offset="373" sl="40" sc="0" el="40" ec="0" bec="0" bev="0" fileid="46" />
                <SequencePoint vc="0" uspid="4185" ordinal="0" offset="376" sl="41" sc="0" el="41" ec="0" bec="0" bev="0" fileid="46" />
                <SequencePoint vc="0" uspid="4186" ordinal="0" offset="386" sl="41" sc="0" el="41" ec="0" bec="0" bev="0" fileid="46" />
                <SequencePoint vc="0" uspid="4187" ordinal="0" offset="387" sl="42" sc="0" el="42" ec="0" bec="0" bev="0" fileid="46" />
                <SequencePoint vc="0" uspid="4188" ordinal="0" offset="424" sl="43" sc="0" el="43" ec="0" bec="0" bev="0" fileid="46" />
                <SequencePoint vc="0" uspid="4189" ordinal="0" offset="435" sl="44" sc="0" el="44" ec="0" bec="0" bev="0" fileid="46" />
                <SequencePoint vc="0" uspid="4190" ordinal="0" offset="438" sl="46" sc="0" el="46" ec="0" bec="0" bev="0" fileid="46" />
                <SequencePoint vc="0" uspid="4191" ordinal="0" offset="481" sl="46" sc="0" el="46" ec="0" bec="0" bev="0" fileid="46" />
                <SequencePoint vc="0" uspid="4192" ordinal="0" offset="482" sl="47" sc="0" el="47" ec="0" bec="0" bev="0" fileid="46" />
                <SequencePoint vc="0" uspid="4193" ordinal="0" offset="493" sl="48" sc="0" el="48" ec="0" bec="0" bev="0" fileid="46" />
                <SequencePoint vc="0" uspid="4194" ordinal="0" offset="519" sl="50" sc="0" el="50" ec="0" bec="0" bev="0" fileid="46" />
                <SequencePoint vc="0" uspid="4195" ordinal="0" offset="520" sl="52" sc="0" el="52" ec="0" bec="0" bev="0" fileid="46" />
                <SequencePoint vc="0" uspid="4196" ordinal="0" offset="555" sl="53" sc="0" el="53" ec="0" bec="0" bev="0" fileid="46" />
              </SequencePoints>
              <BranchPoints />
            </Method>
          </Methods>
        </Class>
      </Classes>
    </Module>
  </Modules>
</CoverageSession>